<?xml version="1.0" encoding="UTF-8"?>
<robot generator="Robot 3.1.2 (Python 3.8.2 on win32)" generated="20200401 10:16:35.842" rpa="false">
<suite id="s1" name="Casetest" source="C:\Robot\results\casetest.robot">
<kw name="Conectar a minha API" library="ResourcesAPI" type="setup">
<kw name="Create Session" library="RequestsLibrary">
<doc>Create Session: create a HTTP session to a server</doc>
<arguments>
<arg>fakeAPI</arg>
<arg>${URL_API}</arg>
</arguments>
<msg timestamp="20200401 10:16:36.065" level="INFO">Creating Session using : alias=fakeAPI, url=https://fakerestapi.azurewebsites.net/api/, headers={},                     cookies={}, auth=None, timeout=None, proxies=None, verify=False,                     debug=0 </msg>
<status status="PASS" starttime="20200401 10:16:36.065" endtime="20200401 10:16:36.065"></status>
</kw>
<kw name="Create Dictionary" library="BuiltIn">
<doc>Creates and returns a dictionary based on the given ``items``.</doc>
<arguments>
<arg>content-type=application/json</arg>
</arguments>
<assign>
<var>${HEADERS}</var>
</assign>
<msg timestamp="20200401 10:16:36.065" level="INFO">${HEADERS} = {'content-type': 'application/json'}</msg>
<status status="PASS" starttime="20200401 10:16:36.065" endtime="20200401 10:16:36.065"></status>
</kw>
<kw name="Set Suite Variable" library="BuiltIn">
<doc>Makes a variable available everywhere within the scope of the current suite.</doc>
<arguments>
<arg>${HEADERS}</arg>
</arguments>
<msg timestamp="20200401 10:16:36.068" level="INFO">${HEADERS} = {'content-type': 'application/json'}</msg>
<status status="PASS" starttime="20200401 10:16:36.065" endtime="20200401 10:16:36.068"></status>
</kw>
<status status="PASS" starttime="20200401 10:16:36.064" endtime="20200401 10:16:36.068"></status>
</kw>
<test id="s1-t1" name="Cenário 1: Buscar a listagem de todos os livros (GET em todos os livros)">
<kw name="Quando requisito todos os livros" library="ResourcesAPI">
<kw name="Get Request" library="RequestsLibrary">
<doc>Send a GET request on the session object found using the
given `alias`</doc>
<arguments>
<arg>fakeAPI</arg>
<arg>Books</arg>
</arguments>
<assign>
<var>${RESPOSTA}</var>
</assign>
<msg timestamp="20200401 10:16:36.070" level="INFO">GET Request using : uri=Books, params=None, allow_redirects=True, timeout=None
headers={'User-Agent': 'python-requests/2.23.0', 'Accept-Encoding': 'gzip, deflate', 'Accept': '*/*', 'Connection': 'keep-alive'} 
data=None 
json=None</msg>
<msg timestamp="20200401 10:16:37.217" level="INFO">c:\users\moreira\appdata\local\programs\python\python38-32\lib\site-packages\urllib3\connectionpool.py:997: InsecureRequestWarning: Unverified HTTPS request is being made to host 'fakerestapi.azurewebsites.net'. Adding certificate verification is strongly advised. See: https://urllib3.readthedocs.io/en/latest/advanced-usage.html#ssl-warnings
  warnings.warn(</msg>
<msg timestamp="20200401 10:16:37.237" level="INFO">${RESPOSTA} = &lt;Response [200]&gt;</msg>
<status status="PASS" starttime="20200401 10:16:36.070" endtime="20200401 10:16:37.238"></status>
</kw>
<kw name="Log" library="BuiltIn">
<doc>Logs the given message with the given level.</doc>
<arguments>
<arg>${RESPOSTA.text}</arg>
</arguments>
<msg timestamp="20200401 10:16:37.242" level="INFO">[{"ID":1,"Title":"Book 1","Description":"Lorem lorem lorem. Lorem lorem lorem. Lorem lorem lorem.\r\n","PageCount":100,"Excerpt":"Lorem lorem lorem. Lorem lorem lorem. Lorem lorem lorem.\r\nLorem lorem lorem. Lorem lorem lorem. Lorem lorem lorem.\r\nLorem lorem lorem. Lorem lorem lorem. Lorem lorem lorem.\r\nLorem lorem lorem. Lorem lorem lorem. Lorem lorem lorem.\r\nLorem lorem lorem. Lorem lorem lorem. Lorem lorem lorem.\r\n","PublishDate":"2020-03-31T13:16:37.9825462+00:00"},{"ID":2,"Title":"Book 2","Description":"Lorem lorem lorem. Lorem lorem lorem. Lorem lorem lorem.\r\n","PageCount":200,"Excerpt":"Lorem lorem lorem. Lorem lorem lorem. Lorem lorem lorem.\r\nLorem lorem lorem. Lorem lorem lorem. Lorem lorem lorem.\r\nLorem lorem lorem. Lorem lorem lorem. Lorem lorem lorem.\r\nLorem lorem lorem. Lorem lorem lorem. Lorem lorem lorem.\r\nLorem lorem lorem. Lorem lorem lorem. Lorem lorem lorem.\r\n","PublishDate":"2020-03-30T13:16:37.9825462+00:00"},{"ID":3,"Title":"Book 3","Description":"Lorem lorem lorem. Lorem lorem lorem. Lorem lorem lorem.\r\n","PageCount":300,"Excerpt":"Lorem lorem lorem. Lorem lorem lorem. Lorem lorem lorem.\r\nLorem lorem lorem. Lorem lorem lorem. Lorem lorem lorem.\r\nLorem lorem lorem. Lorem lorem lorem. Lorem lorem lorem.\r\nLorem lorem lorem. Lorem lorem lorem. Lorem lorem lorem.\r\nLorem lorem lorem. Lorem lorem lorem. Lorem lorem lorem.\r\n","PublishDate":"2020-03-29T13:16:37.9825462+00:00"},{"ID":4,"Title":"Book 4","Description":"Lorem lorem lorem. Lorem lorem lorem. Lorem lorem lorem.\r\n","PageCount":400,"Excerpt":"Lorem lorem lorem. Lorem lorem lorem. Lorem lorem lorem.\r\nLorem lorem lorem. Lorem lorem lorem. Lorem lorem lorem.\r\nLorem lorem lorem. Lorem lorem lorem. Lorem lorem lorem.\r\nLorem lorem lorem. Lorem lorem lorem. Lorem lorem lorem.\r\nLorem lorem lorem. Lorem lorem lorem. Lorem lorem lorem.\r\n","PublishDate":"2020-03-28T13:16:37.9825462+00:00"},{"ID":5,"Title":"Book 5","Description":"Lorem lorem lorem. Lorem lorem lorem. Lorem lorem lorem.\r\n","PageCount":500,"Excerpt":"Lorem lorem lorem. Lorem lorem lorem. Lorem lorem lorem.\r\nLorem lorem lorem. Lorem lorem lorem. Lorem lorem lorem.\r\nLorem lorem lorem. Lorem lorem lorem. Lorem lorem lorem.\r\nLorem lorem lorem. Lorem lorem lorem. Lorem lorem lorem.\r\nLorem lorem lorem. Lorem lorem lorem. Lorem lorem lorem.\r\n","PublishDate":"2020-03-27T13:16:37.9825462+00:00"},{"ID":6,"Title":"Book 6","Description":"Lorem lorem lorem. Lorem lorem lorem. Lorem lorem lorem.\r\n","PageCount":600,"Excerpt":"Lorem lorem lorem. Lorem lorem lorem. Lorem lorem lorem.\r\nLorem lorem lorem. Lorem lorem lorem. Lorem lorem lorem.\r\nLorem lorem lorem. Lorem lorem lorem. Lorem lorem lorem.\r\nLorem lorem lorem. Lorem lorem lorem. Lorem lorem lorem.\r\nLorem lorem lorem. Lorem lorem lorem. Lorem lorem lorem.\r\n","PublishDate":"2020-03-26T13:16:37.9825462+00:00"},{"ID":7,"Title":"Book 7","Description":"Lorem lorem lorem. Lorem lorem lorem. Lorem lorem lorem.\r\n","PageCount":700,"Excerpt":"Lorem lorem lorem. Lorem lorem lorem. Lorem lorem lorem.\r\nLorem lorem lorem. Lorem lorem lorem. Lorem lorem lorem.\r\nLorem lorem lorem. Lorem lorem lorem. Lorem lorem lorem.\r\nLorem lorem lorem. Lorem lorem lorem. Lorem lorem lorem.\r\nLorem lorem lorem. Lorem lorem lorem. Lorem lorem lorem.\r\n","PublishDate":"2020-03-25T13:16:37.9825462+00:00"},{"ID":8,"Title":"Book 8","Description":"Lorem lorem lorem. Lorem lorem lorem. Lorem lorem lorem.\r\n","PageCount":800,"Excerpt":"Lorem lorem lorem. Lorem lorem lorem. Lorem lorem lorem.\r\nLorem lorem lorem. Lorem lorem lorem. Lorem lorem lorem.\r\nLorem lorem lorem. Lorem lorem lorem. Lorem lorem lorem.\r\nLorem lorem lorem. Lorem lorem lorem. Lorem lorem lorem.\r\nLorem lorem lorem. Lorem lorem lorem. Lorem lorem lorem.\r\n","PublishDate":"2020-03-24T13:16:37.9825462+00:00"},{"ID":9,"Title":"Book 9","Description":"Lorem lorem lorem. Lorem lorem lorem. Lorem lorem lorem.\r\n","PageCount":900,"Excerpt":"Lorem lorem lorem. Lorem lorem lorem. Lorem lorem lorem.\r\nLorem lorem lorem. Lorem lorem lorem. Lorem lorem lorem.\r\nLorem lorem lorem. Lorem lorem lorem. Lorem lorem lorem.\r\nLorem lorem lorem. Lorem lorem lorem. Lorem lorem lorem.\r\nLorem lorem lorem. Lorem lorem lorem. Lorem lorem lorem.\r\n","PublishDate":"2020-03-23T13:16:37.9825462+00:00"},{"ID":10,"Title":"Book 10","Description":"Lorem lorem lorem. Lorem lorem lorem. Lorem lorem lorem.\r\n","PageCount":1000,"Excerpt":"Lorem lorem lorem. Lorem lorem lorem. Lorem lorem lorem.\r\nLorem lorem lorem. Lorem lorem lorem. Lorem lorem lorem.\r\nLorem lorem lorem. Lorem lorem lorem. Lorem lorem lorem.\r\nLorem lorem lorem. Lorem lorem lorem. Lorem lorem lorem.\r\nLorem lorem lorem. Lorem lorem lorem. Lorem lorem lorem.\r\n","PublishDate":"2020-03-22T13:16:37.9825462+00:00"},{"ID":11,"Title":"Book 11","Description":"Lorem lorem lorem. Lorem lorem lorem. Lorem lorem lorem.\r\n","PageCount":1100,"Excerpt":"Lorem lorem lorem. Lorem lorem lorem. Lorem lorem lorem.\r\nLorem lorem lorem. Lorem lorem lorem. Lorem lorem lorem.\r\nLorem lorem lorem. Lorem lorem lorem. Lorem lorem lorem.\r\nLorem lorem lorem. Lorem lorem lorem. Lorem lorem lorem.\r\nLorem lorem lorem. Lorem lorem lorem. Lorem lorem lorem.\r\n","PublishDate":"2020-03-21T13:16:37.9825462+00:00"},{"ID":12,"Title":"Book 12","Description":"Lorem lorem lorem. Lorem lorem lorem. Lorem lorem lorem.\r\n","PageCount":1200,"Excerpt":"Lorem lorem lorem. Lorem lorem lorem. Lorem lorem lorem.\r\nLorem lorem lorem. Lorem lorem lorem. Lorem lorem lorem.\r\nLorem lorem lorem. Lorem lorem lorem. Lorem lorem lorem.\r\nLorem lorem lorem. Lorem lorem lorem. Lorem lorem lorem.\r\nLorem lorem lorem. Lorem lorem lorem. Lorem lorem lorem.\r\n","PublishDate":"2020-03-20T13:16:37.9825462+00:00"},{"ID":13,"Title":"Book 13","Description":"Lorem lorem lorem. Lorem lorem lorem. Lorem lorem lorem.\r\n","PageCount":1300,"Excerpt":"Lorem lorem lorem. Lorem lorem lorem. Lorem lorem lorem.\r\nLorem lorem lorem. Lorem lorem lorem. Lorem lorem lorem.\r\nLorem lorem lorem. Lorem lorem lorem. Lorem lorem lorem.\r\nLorem lorem lorem. Lorem lorem lorem. Lorem lorem lorem.\r\nLorem lorem lorem. Lorem lorem lorem. Lorem lorem lorem.\r\n","PublishDate":"2020-03-19T13:16:37.9825462+00:00"},{"ID":14,"Title":"Book 14","Description":"Lorem lorem lorem. Lorem lorem lorem. Lorem lorem lorem.\r\n","PageCount":1400,"Excerpt":"Lorem lorem lorem. Lorem lorem lorem. Lorem lorem lorem.\r\nLorem lorem lorem. Lorem lorem lorem. Lorem lorem lorem.\r\nLorem lorem lorem. Lorem lorem lorem. Lorem lorem lorem.\r\nLorem lorem lorem. Lorem lorem lorem. Lorem lorem lorem.\r\nLorem lorem lorem. Lorem lorem lorem. Lorem lorem lorem.\r\n","PublishDate":"2020-03-18T13:16:37.9825462+00:00"},{"ID":15,"Title":"Book 15","Description":"Lorem lorem lorem. Lorem lorem lorem. Lorem lorem lorem.\r\n","PageCount":1500,"Excerpt":"Lorem lorem lorem. Lorem lorem lorem. Lorem lorem lorem.\r\nLorem lorem lorem. Lorem lorem lorem. Lorem lorem lorem.\r\nLorem lorem lorem. Lorem lorem lorem. Lorem lorem lorem.\r\nLorem lorem lorem. Lorem lorem lorem. Lorem lorem lorem.\r\nLorem lorem lorem. Lorem lorem lorem. Lorem lorem lorem.\r\n","PublishDate":"2020-03-17T13:16:37.9825462+00:00"},{"ID":16,"Title":"Book 16","Description":"Lorem lorem lorem. Lorem lorem lorem. Lorem lorem lorem.\r\n","PageCount":1600,"Excerpt":"Lorem lorem lorem. Lorem lorem lorem. Lorem lorem lorem.\r\nLorem lorem lorem. Lorem lorem lorem. Lorem lorem lorem.\r\nLorem lorem lorem. Lorem lorem lorem. Lorem lorem lorem.\r\nLorem lorem lorem. Lorem lorem lorem. Lorem lorem lorem.\r\nLorem lorem lorem. Lorem lorem lorem. Lorem lorem lorem.\r\n","PublishDate":"2020-03-16T13:16:37.9825462+00:00"},{"ID":17,"Title":"Book 17","Description":"Lorem lorem lorem. Lorem lorem lorem. Lorem lorem lorem.\r\n","PageCount":1700,"Excerpt":"Lorem lorem lorem. Lorem lorem lorem. Lorem lorem lorem.\r\nLorem lorem lorem. Lorem lorem lorem. Lorem lorem lorem.\r\nLorem lorem lorem. Lorem lorem lorem. Lorem lorem lorem.\r\nLorem lorem lorem. Lorem lorem lorem. Lorem lorem lorem.\r\nLorem lorem lorem. Lorem lorem lorem. Lorem lorem lorem.\r\n","PublishDate":"2020-03-15T13:16:37.9825462+00:00"},{"ID":18,"Title":"Book 18","Description":"Lorem lorem lorem. Lorem lorem lorem. Lorem lorem lorem.\r\n","PageCount":1800,"Excerpt":"Lorem lorem lorem. Lorem lorem lorem. Lorem lorem lorem.\r\nLorem lorem lorem. Lorem lorem lorem. Lorem lorem lorem.\r\nLorem lorem lorem. Lorem lorem lorem. Lorem lorem lorem.\r\nLorem lorem lorem. Lorem lorem lorem. Lorem lorem lorem.\r\nLorem lorem lorem. Lorem lorem lorem. Lorem lorem lorem.\r\n","PublishDate":"2020-03-14T13:16:37.9825462+00:00"},{"ID":19,"Title":"Book 19","Description":"Lorem lorem lorem. Lorem lorem lorem. Lorem lorem lorem.\r\n","PageCount":1900,"Excerpt":"Lorem lorem lorem. Lorem lorem lorem. Lorem lorem lorem.\r\nLorem lorem lorem. Lorem lorem lorem. Lorem lorem lorem.\r\nLorem lorem lorem. Lorem lorem lorem. Lorem lorem lorem.\r\nLorem lorem lorem. Lorem lorem lorem. Lorem lorem lorem.\r\nLorem lorem lorem. Lorem lorem lorem. Lorem lorem lorem.\r\n","PublishDate":"2020-03-13T13:16:37.9825462+00:00"},{"ID":20,"Title":"Book 20","Description":"Lorem lorem lorem. Lorem lorem lorem. Lorem lorem lorem.\r\n","PageCount":2000,"Excerpt":"Lorem lorem lorem. Lorem lorem lorem. Lorem lorem lorem.\r\nLorem lorem lorem. Lorem lorem lorem. Lorem lorem lorem.\r\nLorem lorem lorem. Lorem lorem lorem. Lorem lorem lorem.\r\nLorem lorem lorem. Lorem lorem lorem. Lorem lorem lorem.\r\nLorem lorem lorem. Lorem lorem lorem. Lorem lorem lorem.\r\n","PublishDate":"2020-03-12T13:16:37.9825462+00:00"},{"ID":21,"Title":"Book 21","Description":"Lorem lorem lorem. Lorem lorem lorem. Lorem lorem lorem.\r\n","PageCount":2100,"Excerpt":"Lorem lorem lorem. Lorem lorem lorem. Lorem lorem lorem.\r\nLorem lorem lorem. Lorem lorem lorem. Lorem lorem lorem.\r\nLorem lorem lorem. Lorem lorem lorem. Lorem lorem lorem.\r\nLorem lorem lorem. Lorem lorem lorem. Lorem lorem lorem.\r\nLorem lorem lorem. Lorem lorem lorem. Lorem lorem lorem.\r\n","PublishDate":"2020-03-11T13:16:37.9825462+00:00"},{"ID":22,"Title":"Book 22","Description":"Lorem lorem lorem. Lorem lorem lorem. Lorem lorem lorem.\r\n","PageCount":2200,"Excerpt":"Lorem lorem lorem. Lorem lorem lorem. Lorem lorem lorem.\r\nLorem lorem lorem. Lorem lorem lorem. Lorem lorem lorem.\r\nLorem lorem lorem. Lorem lorem lorem. Lorem lorem lorem.\r\nLorem lorem lorem. Lorem lorem lorem. Lorem lorem lorem.\r\nLorem lorem lorem. Lorem lorem lorem. Lorem lorem lorem.\r\n","PublishDate":"2020-03-10T13:16:37.9825462+00:00"},{"ID":23,"Title":"Book 23","Description":"Lorem lorem lorem. Lorem lorem lorem. Lorem lorem lorem.\r\n","PageCount":2300,"Excerpt":"Lorem lorem lorem. Lorem lorem lorem. Lorem lorem lorem.\r\nLorem lorem lorem. Lorem lorem lorem. Lorem lorem lorem.\r\nLorem lorem lorem. Lorem lorem lorem. Lorem lorem lorem.\r\nLorem lorem lorem. Lorem lorem lorem. Lorem lorem lorem.\r\nLorem lorem lorem. Lorem lorem lorem. Lorem lorem lorem.\r\n","PublishDate":"2020-03-09T13:16:37.9825462+00:00"},{"ID":24,"Title":"Book 24","Description":"Lorem lorem lorem. Lorem lorem lorem. Lorem lorem lorem.\r\n","PageCount":2400,"Excerpt":"Lorem lorem lorem. Lorem lorem lorem. Lorem lorem lorem.\r\nLorem lorem lorem. Lorem lorem lorem. Lorem lorem lorem.\r\nLorem lorem lorem. Lorem lorem lorem. Lorem lorem lorem.\r\nLorem lorem lorem. Lorem lorem lorem. Lorem lorem lorem.\r\nLorem lorem lorem. Lorem lorem lorem. Lorem lorem lorem.\r\n","PublishDate":"2020-03-08T13:16:37.9825462+00:00"},{"ID":25,"Title":"Book 25","Description":"Lorem lorem lorem. Lorem lorem lorem. Lorem lorem lorem.\r\n","PageCount":2500,"Excerpt":"Lorem lorem lorem. Lorem lorem lorem. Lorem lorem lorem.\r\nLorem lorem lorem. Lorem lorem lorem. Lorem lorem lorem.\r\nLorem lorem lorem. Lorem lorem lorem. Lorem lorem lorem.\r\nLorem lorem lorem. Lorem lorem lorem. Lorem lorem lorem.\r\nLorem lorem lorem. Lorem lorem lorem. Lorem lorem lorem.\r\n","PublishDate":"2020-03-07T13:16:37.9825462+00:00"},{"ID":26,"Title":"Book 26","Description":"Lorem lorem lorem. Lorem lorem lorem. Lorem lorem lorem.\r\n","PageCount":2600,"Excerpt":"Lorem lorem lorem. Lorem lorem lorem. Lorem lorem lorem.\r\nLorem lorem lorem. Lorem lorem lorem. Lorem lorem lorem.\r\nLorem lorem lorem. Lorem lorem lorem. Lorem lorem lorem.\r\nLorem lorem lorem. Lorem lorem lorem. Lorem lorem lorem.\r\nLorem lorem lorem. Lorem lorem lorem. Lorem lorem lorem.\r\n","PublishDate":"2020-03-06T13:16:37.9825462+00:00"},{"ID":27,"Title":"Book 27","Description":"Lorem lorem lorem. Lorem lorem lorem. Lorem lorem lorem.\r\n","PageCount":2700,"Excerpt":"Lorem lorem lorem. Lorem lorem lorem. Lorem lorem lorem.\r\nLorem lorem lorem. Lorem lorem lorem. Lorem lorem lorem.\r\nLorem lorem lorem. Lorem lorem lorem. Lorem lorem lorem.\r\nLorem lorem lorem. Lorem lorem lorem. Lorem lorem lorem.\r\nLorem lorem lorem. Lorem lorem lorem. Lorem lorem lorem.\r\n","PublishDate":"2020-03-05T13:16:37.9825462+00:00"},{"ID":28,"Title":"Book 28","Description":"Lorem lorem lorem. Lorem lorem lorem. Lorem lorem lorem.\r\n","PageCount":2800,"Excerpt":"Lorem lorem lorem. Lorem lorem lorem. Lorem lorem lorem.\r\nLorem lorem lorem. Lorem lorem lorem. Lorem lorem lorem.\r\nLorem lorem lorem. Lorem lorem lorem. Lorem lorem lorem.\r\nLorem lorem lorem. Lorem lorem lorem. Lorem lorem lorem.\r\nLorem lorem lorem. Lorem lorem lorem. Lorem lorem lorem.\r\n","PublishDate":"2020-03-04T13:16:37.9825462+00:00"},{"ID":29,"Title":"Book 29","Description":"Lorem lorem lorem. Lorem lorem lorem. Lorem lorem lorem.\r\n","PageCount":2900,"Excerpt":"Lorem lorem lorem. Lorem lorem lorem. Lorem lorem lorem.\r\nLorem lorem lorem. Lorem lorem lorem. Lorem lorem lorem.\r\nLorem lorem lorem. Lorem lorem lorem. Lorem lorem lorem.\r\nLorem lorem lorem. Lorem lorem lorem. Lorem lorem lorem.\r\nLorem lorem lorem. Lorem lorem lorem. Lorem lorem lorem.\r\n","PublishDate":"2020-03-03T13:16:37.9825462+00:00"},{"ID":30,"Title":"Book 30","Description":"Lorem lorem lorem. Lorem lorem lorem. Lorem lorem lorem.\r\n","PageCount":3000,"Excerpt":"Lorem lorem lorem. Lorem lorem lorem. Lorem lorem lorem.\r\nLorem lorem lorem. Lorem lorem lorem. Lorem lorem lorem.\r\nLorem lorem lorem. Lorem lorem lorem. Lorem lorem lorem.\r\nLorem lorem lorem. Lorem lorem lorem. Lorem lorem lorem.\r\nLorem lorem lorem. Lorem lorem lorem. Lorem lorem lorem.\r\n","PublishDate":"2020-03-02T13:16:37.9825462+00:00"},{"ID":31,"Title":"Book 31","Description":"Lorem lorem lorem. Lorem lorem lorem. Lorem lorem lorem.\r\n","PageCount":3100,"Excerpt":"Lorem lorem lorem. Lorem lorem lorem. Lorem lorem lorem.\r\nLorem lorem lorem. Lorem lorem lorem. Lorem lorem lorem.\r\nLorem lorem lorem. Lorem lorem lorem. Lorem lorem lorem.\r\nLorem lorem lorem. Lorem lorem lorem. Lorem lorem lorem.\r\nLorem lorem lorem. Lorem lorem lorem. Lorem lorem lorem.\r\n","PublishDate":"2020-03-01T13:16:37.9825462+00:00"},{"ID":32,"Title":"Book 32","Description":"Lorem lorem lorem. Lorem lorem lorem. Lorem lorem lorem.\r\n","PageCount":3200,"Excerpt":"Lorem lorem lorem. Lorem lorem lorem. Lorem lorem lorem.\r\nLorem lorem lorem. Lorem lorem lorem. Lorem lorem lorem.\r\nLorem lorem lorem. Lorem lorem lorem. Lorem lorem lorem.\r\nLorem lorem lorem. Lorem lorem lorem. Lorem lorem lorem.\r\nLorem lorem lorem. Lorem lorem lorem. Lorem lorem lorem.\r\n","PublishDate":"2020-02-29T13:16:37.9825462+00:00"},{"ID":33,"Title":"Book 33","Description":"Lorem lorem lorem. Lorem lorem lorem. Lorem lorem lorem.\r\n","PageCount":3300,"Excerpt":"Lorem lorem lorem. Lorem lorem lorem. Lorem lorem lorem.\r\nLorem lorem lorem. Lorem lorem lorem. Lorem lorem lorem.\r\nLorem lorem lorem. Lorem lorem lorem. Lorem lorem lorem.\r\nLorem lorem lorem. Lorem lorem lorem. Lorem lorem lorem.\r\nLorem lorem lorem. Lorem lorem lorem. Lorem lorem lorem.\r\n","PublishDate":"2020-02-28T13:16:37.9825462+00:00"},{"ID":34,"Title":"Book 34","Description":"Lorem lorem lorem. Lorem lorem lorem. Lorem lorem lorem.\r\n","PageCount":3400,"Excerpt":"Lorem lorem lorem. Lorem lorem lorem. Lorem lorem lorem.\r\nLorem lorem lorem. Lorem lorem lorem. Lorem lorem lorem.\r\nLorem lorem lorem. Lorem lorem lorem. Lorem lorem lorem.\r\nLorem lorem lorem. Lorem lorem lorem. Lorem lorem lorem.\r\nLorem lorem lorem. Lorem lorem lorem. Lorem lorem lorem.\r\n","PublishDate":"2020-02-27T13:16:37.9825462+00:00"},{"ID":35,"Title":"Book 35","Description":"Lorem lorem lorem. Lorem lorem lorem. Lorem lorem lorem.\r\n","PageCount":3500,"Excerpt":"Lorem lorem lorem. Lorem lorem lorem. Lorem lorem lorem.\r\nLorem lorem lorem. Lorem lorem lorem. Lorem lorem lorem.\r\nLorem lorem lorem. Lorem lorem lorem. Lorem lorem lorem.\r\nLorem lorem lorem. Lorem lorem lorem. Lorem lorem lorem.\r\nLorem lorem lorem. Lorem lorem lorem. Lorem lorem lorem.\r\n","PublishDate":"2020-02-26T13:16:37.9825462+00:00"},{"ID":36,"Title":"Book 36","Description":"Lorem lorem lorem. Lorem lorem lorem. Lorem lorem lorem.\r\n","PageCount":3600,"Excerpt":"Lorem lorem lorem. Lorem lorem lorem. Lorem lorem lorem.\r\nLorem lorem lorem. Lorem lorem lorem. Lorem lorem lorem.\r\nLorem lorem lorem. Lorem lorem lorem. Lorem lorem lorem.\r\nLorem lorem lorem. Lorem lorem lorem. Lorem lorem lorem.\r\nLorem lorem lorem. Lorem lorem lorem. Lorem lorem lorem.\r\n","PublishDate":"2020-02-25T13:16:37.9825462+00:00"},{"ID":37,"Title":"Book 37","Description":"Lorem lorem lorem. Lorem lorem lorem. Lorem lorem lorem.\r\n","PageCount":3700,"Excerpt":"Lorem lorem lorem. Lorem lorem lorem. Lorem lorem lorem.\r\nLorem lorem lorem. Lorem lorem lorem. Lorem lorem lorem.\r\nLorem lorem lorem. Lorem lorem lorem. Lorem lorem lorem.\r\nLorem lorem lorem. Lorem lorem lorem. Lorem lorem lorem.\r\nLorem lorem lorem. Lorem lorem lorem. Lorem lorem lorem.\r\n","PublishDate":"2020-02-24T13:16:37.9825462+00:00"},{"ID":38,"Title":"Book 38","Description":"Lorem lorem lorem. Lorem lorem lorem. Lorem lorem lorem.\r\n","PageCount":3800,"Excerpt":"Lorem lorem lorem. Lorem lorem lorem. Lorem lorem lorem.\r\nLorem lorem lorem. Lorem lorem lorem. Lorem lorem lorem.\r\nLorem lorem lorem. Lorem lorem lorem. Lorem lorem lorem.\r\nLorem lorem lorem. Lorem lorem lorem. Lorem lorem lorem.\r\nLorem lorem lorem. Lorem lorem lorem. Lorem lorem lorem.\r\n","PublishDate":"2020-02-23T13:16:37.9825462+00:00"},{"ID":39,"Title":"Book 39","Description":"Lorem lorem lorem. Lorem lorem lorem. Lorem lorem lorem.\r\n","PageCount":3900,"Excerpt":"Lorem lorem lorem. Lorem lorem lorem. Lorem lorem lorem.\r\nLorem lorem lorem. Lorem lorem lorem. Lorem lorem lorem.\r\nLorem lorem lorem. Lorem lorem lorem. Lorem lorem lorem.\r\nLorem lorem lorem. Lorem lorem lorem. Lorem lorem lorem.\r\nLorem lorem lorem. Lorem lorem lorem. Lorem lorem lorem.\r\n","PublishDate":"2020-02-22T13:16:37.9825462+00:00"},{"ID":40,"Title":"Book 40","Description":"Lorem lorem lorem. Lorem lorem lorem. Lorem lorem lorem.\r\n","PageCount":4000,"Excerpt":"Lorem lorem lorem. Lorem lorem lorem. Lorem lorem lorem.\r\nLorem lorem lorem. Lorem lorem lorem. Lorem lorem lorem.\r\nLorem lorem lorem. Lorem lorem lorem. Lorem lorem lorem.\r\nLorem lorem lorem. Lorem lorem lorem. Lorem lorem lorem.\r\nLorem lorem lorem. Lorem lorem lorem. Lorem lorem lorem.\r\n","PublishDate":"2020-02-21T13:16:37.9825462+00:00"},{"ID":41,"Title":"Book 41","Description":"Lorem lorem lorem. Lorem lorem lorem. Lorem lorem lorem.\r\n","PageCount":4100,"Excerpt":"Lorem lorem lorem. Lorem lorem lorem. Lorem lorem lorem.\r\nLorem lorem lorem. Lorem lorem lorem. Lorem lorem lorem.\r\nLorem lorem lorem. Lorem lorem lorem. Lorem lorem lorem.\r\nLorem lorem lorem. Lorem lorem lorem. Lorem lorem lorem.\r\nLorem lorem lorem. Lorem lorem lorem. Lorem lorem lorem.\r\n","PublishDate":"2020-02-20T13:16:37.9825462+00:00"},{"ID":42,"Title":"Book 42","Description":"Lorem lorem lorem. Lorem lorem lorem. Lorem lorem lorem.\r\n","PageCount":4200,"Excerpt":"Lorem lorem lorem. Lorem lorem lorem. Lorem lorem lorem.\r\nLorem lorem lorem. Lorem lorem lorem. Lorem lorem lorem.\r\nLorem lorem lorem. Lorem lorem lorem. Lorem lorem lorem.\r\nLorem lorem lorem. Lorem lorem lorem. Lorem lorem lorem.\r\nLorem lorem lorem. Lorem lorem lorem. Lorem lorem lorem.\r\n","PublishDate":"2020-02-19T13:16:37.9825462+00:00"},{"ID":43,"Title":"Book 43","Description":"Lorem lorem lorem. Lorem lorem lorem. Lorem lorem lorem.\r\n","PageCount":4300,"Excerpt":"Lorem lorem lorem. Lorem lorem lorem. Lorem lorem lorem.\r\nLorem lorem lorem. Lorem lorem lorem. Lorem lorem lorem.\r\nLorem lorem lorem. Lorem lorem lorem. Lorem lorem lorem.\r\nLorem lorem lorem. Lorem lorem lorem. Lorem lorem lorem.\r\nLorem lorem lorem. Lorem lorem lorem. Lorem lorem lorem.\r\n","PublishDate":"2020-02-18T13:16:37.9825462+00:00"},{"ID":44,"Title":"Book 44","Description":"Lorem lorem lorem. Lorem lorem lorem. Lorem lorem lorem.\r\n","PageCount":4400,"Excerpt":"Lorem lorem lorem. Lorem lorem lorem. Lorem lorem lorem.\r\nLorem lorem lorem. Lorem lorem lorem. Lorem lorem lorem.\r\nLorem lorem lorem. Lorem lorem lorem. Lorem lorem lorem.\r\nLorem lorem lorem. Lorem lorem lorem. Lorem lorem lorem.\r\nLorem lorem lorem. Lorem lorem lorem. Lorem lorem lorem.\r\n","PublishDate":"2020-02-17T13:16:37.9825462+00:00"},{"ID":45,"Title":"Book 45","Description":"Lorem lorem lorem. Lorem lorem lorem. Lorem lorem lorem.\r\n","PageCount":4500,"Excerpt":"Lorem lorem lorem. Lorem lorem lorem. Lorem lorem lorem.\r\nLorem lorem lorem. Lorem lorem lorem. Lorem lorem lorem.\r\nLorem lorem lorem. Lorem lorem lorem. Lorem lorem lorem.\r\nLorem lorem lorem. Lorem lorem lorem. Lorem lorem lorem.\r\nLorem lorem lorem. Lorem lorem lorem. Lorem lorem lorem.\r\n","PublishDate":"2020-02-16T13:16:37.9825462+00:00"},{"ID":46,"Title":"Book 46","Description":"Lorem lorem lorem. Lorem lorem lorem. Lorem lorem lorem.\r\n","PageCount":4600,"Excerpt":"Lorem lorem lorem. Lorem lorem lorem. Lorem lorem lorem.\r\nLorem lorem lorem. Lorem lorem lorem. Lorem lorem lorem.\r\nLorem lorem lorem. Lorem lorem lorem. Lorem lorem lorem.\r\nLorem lorem lorem. Lorem lorem lorem. Lorem lorem lorem.\r\nLorem lorem lorem. Lorem lorem lorem. Lorem lorem lorem.\r\n","PublishDate":"2020-02-15T13:16:37.9825462+00:00"},{"ID":47,"Title":"Book 47","Description":"Lorem lorem lorem. Lorem lorem lorem. Lorem lorem lorem.\r\n","PageCount":4700,"Excerpt":"Lorem lorem lorem. Lorem lorem lorem. Lorem lorem lorem.\r\nLorem lorem lorem. Lorem lorem lorem. Lorem lorem lorem.\r\nLorem lorem lorem. Lorem lorem lorem. Lorem lorem lorem.\r\nLorem lorem lorem. Lorem lorem lorem. Lorem lorem lorem.\r\nLorem lorem lorem. Lorem lorem lorem. Lorem lorem lorem.\r\n","PublishDate":"2020-02-14T13:16:37.9825462+00:00"},{"ID":48,"Title":"Book 48","Description":"Lorem lorem lorem. Lorem lorem lorem. Lorem lorem lorem.\r\n","PageCount":4800,"Excerpt":"Lorem lorem lorem. Lorem lorem lorem. Lorem lorem lorem.\r\nLorem lorem lorem. Lorem lorem lorem. Lorem lorem lorem.\r\nLorem lorem lorem. Lorem lorem lorem. Lorem lorem lorem.\r\nLorem lorem lorem. Lorem lorem lorem. Lorem lorem lorem.\r\nLorem lorem lorem. Lorem lorem lorem. Lorem lorem lorem.\r\n","PublishDate":"2020-02-13T13:16:37.9825462+00:00"},{"ID":49,"Title":"Book 49","Description":"Lorem lorem lorem. Lorem lorem lorem. Lorem lorem lorem.\r\n","PageCount":4900,"Excerpt":"Lorem lorem lorem. Lorem lorem lorem. Lorem lorem lorem.\r\nLorem lorem lorem. Lorem lorem lorem. Lorem lorem lorem.\r\nLorem lorem lorem. Lorem lorem lorem. Lorem lorem lorem.\r\nLorem lorem lorem. Lorem lorem lorem. Lorem lorem lorem.\r\nLorem lorem lorem. Lorem lorem lorem. Lorem lorem lorem.\r\n","PublishDate":"2020-02-12T13:16:37.9825462+00:00"},{"ID":50,"Title":"Book 50","Description":"Lorem lorem lorem. Lorem lorem lorem. Lorem lorem lorem.\r\n","PageCount":5000,"Excerpt":"Lorem lorem lorem. Lorem lorem lorem. Lorem lorem lorem.\r\nLorem lorem lorem. Lorem lorem lorem. Lorem lorem lorem.\r\nLorem lorem lorem. Lorem lorem lorem. Lorem lorem lorem.\r\nLorem lorem lorem. Lorem lorem lorem. Lorem lorem lorem.\r\nLorem lorem lorem. Lorem lorem lorem. Lorem lorem lorem.\r\n","PublishDate":"2020-02-11T13:16:37.9825462+00:00"},{"ID":51,"Title":"Book 51","Description":"Lorem lorem lorem. Lorem lorem lorem. Lorem lorem lorem.\r\n","PageCount":5100,"Excerpt":"Lorem lorem lorem. Lorem lorem lorem. Lorem lorem lorem.\r\nLorem lorem lorem. Lorem lorem lorem. Lorem lorem lorem.\r\nLorem lorem lorem. Lorem lorem lorem. Lorem lorem lorem.\r\nLorem lorem lorem. Lorem lorem lorem. Lorem lorem lorem.\r\nLorem lorem lorem. Lorem lorem lorem. Lorem lorem lorem.\r\n","PublishDate":"2020-02-10T13:16:37.9825462+00:00"},{"ID":52,"Title":"Book 52","Description":"Lorem lorem lorem. Lorem lorem lorem. Lorem lorem lorem.\r\n","PageCount":5200,"Excerpt":"Lorem lorem lorem. Lorem lorem lorem. Lorem lorem lorem.\r\nLorem lorem lorem. Lorem lorem lorem. Lorem lorem lorem.\r\nLorem lorem lorem. Lorem lorem lorem. Lorem lorem lorem.\r\nLorem lorem lorem. Lorem lorem lorem. Lorem lorem lorem.\r\nLorem lorem lorem. Lorem lorem lorem. Lorem lorem lorem.\r\n","PublishDate":"2020-02-09T13:16:37.9825462+00:00"},{"ID":53,"Title":"Book 53","Description":"Lorem lorem lorem. Lorem lorem lorem. Lorem lorem lorem.\r\n","PageCount":5300,"Excerpt":"Lorem lorem lorem. Lorem lorem lorem. Lorem lorem lorem.\r\nLorem lorem lorem. Lorem lorem lorem. Lorem lorem lorem.\r\nLorem lorem lorem. Lorem lorem lorem. Lorem lorem lorem.\r\nLorem lorem lorem. Lorem lorem lorem. Lorem lorem lorem.\r\nLorem lorem lorem. Lorem lorem lorem. Lorem lorem lorem.\r\n","PublishDate":"2020-02-08T13:16:37.9825462+00:00"},{"ID":54,"Title":"Book 54","Description":"Lorem lorem lorem. Lorem lorem lorem. Lorem lorem lorem.\r\n","PageCount":5400,"Excerpt":"Lorem lorem lorem. Lorem lorem lorem. Lorem lorem lorem.\r\nLorem lorem lorem. Lorem lorem lorem. Lorem lorem lorem.\r\nLorem lorem lorem. Lorem lorem lorem. Lorem lorem lorem.\r\nLorem lorem lorem. Lorem lorem lorem. Lorem lorem lorem.\r\nLorem lorem lorem. Lorem lorem lorem. Lorem lorem lorem.\r\n","PublishDate":"2020-02-07T13:16:37.9825462+00:00"},{"ID":55,"Title":"Book 55","Description":"Lorem lorem lorem. Lorem lorem lorem. Lorem lorem lorem.\r\n","PageCount":5500,"Excerpt":"Lorem lorem lorem. Lorem lorem lorem. Lorem lorem lorem.\r\nLorem lorem lorem. Lorem lorem lorem. Lorem lorem lorem.\r\nLorem lorem lorem. Lorem lorem lorem. Lorem lorem lorem.\r\nLorem lorem lorem. Lorem lorem lorem. Lorem lorem lorem.\r\nLorem lorem lorem. Lorem lorem lorem. Lorem lorem lorem.\r\n","PublishDate":"2020-02-06T13:16:37.9825462+00:00"},{"ID":56,"Title":"Book 56","Description":"Lorem lorem lorem. Lorem lorem lorem. Lorem lorem lorem.\r\n","PageCount":5600,"Excerpt":"Lorem lorem lorem. Lorem lorem lorem. Lorem lorem lorem.\r\nLorem lorem lorem. Lorem lorem lorem. Lorem lorem lorem.\r\nLorem lorem lorem. Lorem lorem lorem. Lorem lorem lorem.\r\nLorem lorem lorem. Lorem lorem lorem. Lorem lorem lorem.\r\nLorem lorem lorem. Lorem lorem lorem. Lorem lorem lorem.\r\n","PublishDate":"2020-02-05T13:16:37.9825462+00:00"},{"ID":57,"Title":"Book 57","Description":"Lorem lorem lorem. Lorem lorem lorem. Lorem lorem lorem.\r\n","PageCount":5700,"Excerpt":"Lorem lorem lorem. Lorem lorem lorem. Lorem lorem lorem.\r\nLorem lorem lorem. Lorem lorem lorem. Lorem lorem lorem.\r\nLorem lorem lorem. Lorem lorem lorem. Lorem lorem lorem.\r\nLorem lorem lorem. Lorem lorem lorem. Lorem lorem lorem.\r\nLorem lorem lorem. Lorem lorem lorem. Lorem lorem lorem.\r\n","PublishDate":"2020-02-04T13:16:37.9825462+00:00"},{"ID":58,"Title":"Book 58","Description":"Lorem lorem lorem. Lorem lorem lorem. Lorem lorem lorem.\r\n","PageCount":5800,"Excerpt":"Lorem lorem lorem. Lorem lorem lorem. Lorem lorem lorem.\r\nLorem lorem lorem. Lorem lorem lorem. Lorem lorem lorem.\r\nLorem lorem lorem. Lorem lorem lorem. Lorem lorem lorem.\r\nLorem lorem lorem. Lorem lorem lorem. Lorem lorem lorem.\r\nLorem lorem lorem. Lorem lorem lorem. Lorem lorem lorem.\r\n","PublishDate":"2020-02-03T13:16:37.9825462+00:00"},{"ID":59,"Title":"Book 59","Description":"Lorem lorem lorem. Lorem lorem lorem. Lorem lorem lorem.\r\n","PageCount":5900,"Excerpt":"Lorem lorem lorem. Lorem lorem lorem. Lorem lorem lorem.\r\nLorem lorem lorem. Lorem lorem lorem. Lorem lorem lorem.\r\nLorem lorem lorem. Lorem lorem lorem. Lorem lorem lorem.\r\nLorem lorem lorem. Lorem lorem lorem. Lorem lorem lorem.\r\nLorem lorem lorem. Lorem lorem lorem. Lorem lorem lorem.\r\n","PublishDate":"2020-02-02T13:16:37.9825462+00:00"},{"ID":60,"Title":"Book 60","Description":"Lorem lorem lorem. Lorem lorem lorem. Lorem lorem lorem.\r\n","PageCount":6000,"Excerpt":"Lorem lorem lorem. Lorem lorem lorem. Lorem lorem lorem.\r\nLorem lorem lorem. Lorem lorem lorem. Lorem lorem lorem.\r\nLorem lorem lorem. Lorem lorem lorem. Lorem lorem lorem.\r\nLorem lorem lorem. Lorem lorem lorem. Lorem lorem lorem.\r\nLorem lorem lorem. Lorem lorem lorem. Lorem lorem lorem.\r\n","PublishDate":"2020-02-01T13:16:37.9825462+00:00"},{"ID":61,"Title":"Book 61","Description":"Lorem lorem lorem. Lorem lorem lorem. Lorem lorem lorem.\r\n","PageCount":6100,"Excerpt":"Lorem lorem lorem. Lorem lorem lorem. Lorem lorem lorem.\r\nLorem lorem lorem. Lorem lorem lorem. Lorem lorem lorem.\r\nLorem lorem lorem. Lorem lorem lorem. Lorem lorem lorem.\r\nLorem lorem lorem. Lorem lorem lorem. Lorem lorem lorem.\r\nLorem lorem lorem. Lorem lorem lorem. Lorem lorem lorem.\r\n","PublishDate":"2020-01-31T13:16:37.9825462+00:00"},{"ID":62,"Title":"Book 62","Description":"Lorem lorem lorem. Lorem lorem lorem. Lorem lorem lorem.\r\n","PageCount":6200,"Excerpt":"Lorem lorem lorem. Lorem lorem lorem. Lorem lorem lorem.\r\nLorem lorem lorem. Lorem lorem lorem. Lorem lorem lorem.\r\nLorem lorem lorem. Lorem lorem lorem. Lorem lorem lorem.\r\nLorem lorem lorem. Lorem lorem lorem. Lorem lorem lorem.\r\nLorem lorem lorem. Lorem lorem lorem. Lorem lorem lorem.\r\n","PublishDate":"2020-01-30T13:16:37.9825462+00:00"},{"ID":63,"Title":"Book 63","Description":"Lorem lorem lorem. Lorem lorem lorem. Lorem lorem lorem.\r\n","PageCount":6300,"Excerpt":"Lorem lorem lorem. Lorem lorem lorem. Lorem lorem lorem.\r\nLorem lorem lorem. Lorem lorem lorem. Lorem lorem lorem.\r\nLorem lorem lorem. Lorem lorem lorem. Lorem lorem lorem.\r\nLorem lorem lorem. Lorem lorem lorem. Lorem lorem lorem.\r\nLorem lorem lorem. Lorem lorem lorem. Lorem lorem lorem.\r\n","PublishDate":"2020-01-29T13:16:37.9825462+00:00"},{"ID":64,"Title":"Book 64","Description":"Lorem lorem lorem. Lorem lorem lorem. Lorem lorem lorem.\r\n","PageCount":6400,"Excerpt":"Lorem lorem lorem. Lorem lorem lorem. Lorem lorem lorem.\r\nLorem lorem lorem. Lorem lorem lorem. Lorem lorem lorem.\r\nLorem lorem lorem. Lorem lorem lorem. Lorem lorem lorem.\r\nLorem lorem lorem. Lorem lorem lorem. Lorem lorem lorem.\r\nLorem lorem lorem. Lorem lorem lorem. Lorem lorem lorem.\r\n","PublishDate":"2020-01-28T13:16:37.9825462+00:00"},{"ID":65,"Title":"Book 65","Description":"Lorem lorem lorem. Lorem lorem lorem. Lorem lorem lorem.\r\n","PageCount":6500,"Excerpt":"Lorem lorem lorem. Lorem lorem lorem. Lorem lorem lorem.\r\nLorem lorem lorem. Lorem lorem lorem. Lorem lorem lorem.\r\nLorem lorem lorem. Lorem lorem lorem. Lorem lorem lorem.\r\nLorem lorem lorem. Lorem lorem lorem. Lorem lorem lorem.\r\nLorem lorem lorem. Lorem lorem lorem. Lorem lorem lorem.\r\n","PublishDate":"2020-01-27T13:16:37.9825462+00:00"},{"ID":66,"Title":"Book 66","Description":"Lorem lorem lorem. Lorem lorem lorem. Lorem lorem lorem.\r\n","PageCount":6600,"Excerpt":"Lorem lorem lorem. Lorem lorem lorem. Lorem lorem lorem.\r\nLorem lorem lorem. Lorem lorem lorem. Lorem lorem lorem.\r\nLorem lorem lorem. Lorem lorem lorem. Lorem lorem lorem.\r\nLorem lorem lorem. Lorem lorem lorem. Lorem lorem lorem.\r\nLorem lorem lorem. Lorem lorem lorem. Lorem lorem lorem.\r\n","PublishDate":"2020-01-26T13:16:37.9825462+00:00"},{"ID":67,"Title":"Book 67","Description":"Lorem lorem lorem. Lorem lorem lorem. Lorem lorem lorem.\r\n","PageCount":6700,"Excerpt":"Lorem lorem lorem. Lorem lorem lorem. Lorem lorem lorem.\r\nLorem lorem lorem. Lorem lorem lorem. Lorem lorem lorem.\r\nLorem lorem lorem. Lorem lorem lorem. Lorem lorem lorem.\r\nLorem lorem lorem. Lorem lorem lorem. Lorem lorem lorem.\r\nLorem lorem lorem. Lorem lorem lorem. Lorem lorem lorem.\r\n","PublishDate":"2020-01-25T13:16:37.9825462+00:00"},{"ID":68,"Title":"Book 68","Description":"Lorem lorem lorem. Lorem lorem lorem. Lorem lorem lorem.\r\n","PageCount":6800,"Excerpt":"Lorem lorem lorem. Lorem lorem lorem. Lorem lorem lorem.\r\nLorem lorem lorem. Lorem lorem lorem. Lorem lorem lorem.\r\nLorem lorem lorem. Lorem lorem lorem. Lorem lorem lorem.\r\nLorem lorem lorem. Lorem lorem lorem. Lorem lorem lorem.\r\nLorem lorem lorem. Lorem lorem lorem. Lorem lorem lorem.\r\n","PublishDate":"2020-01-24T13:16:37.9825462+00:00"},{"ID":69,"Title":"Book 69","Description":"Lorem lorem lorem. Lorem lorem lorem. Lorem lorem lorem.\r\n","PageCount":6900,"Excerpt":"Lorem lorem lorem. Lorem lorem lorem. Lorem lorem lorem.\r\nLorem lorem lorem. Lorem lorem lorem. Lorem lorem lorem.\r\nLorem lorem lorem. Lorem lorem lorem. Lorem lorem lorem.\r\nLorem lorem lorem. Lorem lorem lorem. Lorem lorem lorem.\r\nLorem lorem lorem. Lorem lorem lorem. Lorem lorem lorem.\r\n","PublishDate":"2020-01-23T13:16:37.9825462+00:00"},{"ID":70,"Title":"Book 70","Description":"Lorem lorem lorem. Lorem lorem lorem. Lorem lorem lorem.\r\n","PageCount":7000,"Excerpt":"Lorem lorem lorem. Lorem lorem lorem. Lorem lorem lorem.\r\nLorem lorem lorem. Lorem lorem lorem. Lorem lorem lorem.\r\nLorem lorem lorem. Lorem lorem lorem. Lorem lorem lorem.\r\nLorem lorem lorem. Lorem lorem lorem. Lorem lorem lorem.\r\nLorem lorem lorem. Lorem lorem lorem. Lorem lorem lorem.\r\n","PublishDate":"2020-01-22T13:16:37.9825462+00:00"},{"ID":71,"Title":"Book 71","Description":"Lorem lorem lorem. Lorem lorem lorem. Lorem lorem lorem.\r\n","PageCount":7100,"Excerpt":"Lorem lorem lorem. Lorem lorem lorem. Lorem lorem lorem.\r\nLorem lorem lorem. Lorem lorem lorem. Lorem lorem lorem.\r\nLorem lorem lorem. Lorem lorem lorem. Lorem lorem lorem.\r\nLorem lorem lorem. Lorem lorem lorem. Lorem lorem lorem.\r\nLorem lorem lorem. Lorem lorem lorem. Lorem lorem lorem.\r\n","PublishDate":"2020-01-21T13:16:37.9825462+00:00"},{"ID":72,"Title":"Book 72","Description":"Lorem lorem lorem. Lorem lorem lorem. Lorem lorem lorem.\r\n","PageCount":7200,"Excerpt":"Lorem lorem lorem. Lorem lorem lorem. Lorem lorem lorem.\r\nLorem lorem lorem. Lorem lorem lorem. Lorem lorem lorem.\r\nLorem lorem lorem. Lorem lorem lorem. Lorem lorem lorem.\r\nLorem lorem lorem. Lorem lorem lorem. Lorem lorem lorem.\r\nLorem lorem lorem. Lorem lorem lorem. Lorem lorem lorem.\r\n","PublishDate":"2020-01-20T13:16:37.9825462+00:00"},{"ID":73,"Title":"Book 73","Description":"Lorem lorem lorem. Lorem lorem lorem. Lorem lorem lorem.\r\n","PageCount":7300,"Excerpt":"Lorem lorem lorem. Lorem lorem lorem. Lorem lorem lorem.\r\nLorem lorem lorem. Lorem lorem lorem. Lorem lorem lorem.\r\nLorem lorem lorem. Lorem lorem lorem. Lorem lorem lorem.\r\nLorem lorem lorem. Lorem lorem lorem. Lorem lorem lorem.\r\nLorem lorem lorem. Lorem lorem lorem. Lorem lorem lorem.\r\n","PublishDate":"2020-01-19T13:16:37.9825462+00:00"},{"ID":74,"Title":"Book 74","Description":"Lorem lorem lorem. Lorem lorem lorem. Lorem lorem lorem.\r\n","PageCount":7400,"Excerpt":"Lorem lorem lorem. Lorem lorem lorem. Lorem lorem lorem.\r\nLorem lorem lorem. Lorem lorem lorem. Lorem lorem lorem.\r\nLorem lorem lorem. Lorem lorem lorem. Lorem lorem lorem.\r\nLorem lorem lorem. Lorem lorem lorem. Lorem lorem lorem.\r\nLorem lorem lorem. Lorem lorem lorem. Lorem lorem lorem.\r\n","PublishDate":"2020-01-18T13:16:37.9825462+00:00"},{"ID":75,"Title":"Book 75","Description":"Lorem lorem lorem. Lorem lorem lorem. Lorem lorem lorem.\r\n","PageCount":7500,"Excerpt":"Lorem lorem lorem. Lorem lorem lorem. Lorem lorem lorem.\r\nLorem lorem lorem. Lorem lorem lorem. Lorem lorem lorem.\r\nLorem lorem lorem. Lorem lorem lorem. Lorem lorem lorem.\r\nLorem lorem lorem. Lorem lorem lorem. Lorem lorem lorem.\r\nLorem lorem lorem. Lorem lorem lorem. Lorem lorem lorem.\r\n","PublishDate":"2020-01-17T13:16:37.9825462+00:00"},{"ID":76,"Title":"Book 76","Description":"Lorem lorem lorem. Lorem lorem lorem. Lorem lorem lorem.\r\n","PageCount":7600,"Excerpt":"Lorem lorem lorem. Lorem lorem lorem. Lorem lorem lorem.\r\nLorem lorem lorem. Lorem lorem lorem. Lorem lorem lorem.\r\nLorem lorem lorem. Lorem lorem lorem. Lorem lorem lorem.\r\nLorem lorem lorem. Lorem lorem lorem. Lorem lorem lorem.\r\nLorem lorem lorem. Lorem lorem lorem. Lorem lorem lorem.\r\n","PublishDate":"2020-01-16T13:16:37.9825462+00:00"},{"ID":77,"Title":"Book 77","Description":"Lorem lorem lorem. Lorem lorem lorem. Lorem lorem lorem.\r\n","PageCount":7700,"Excerpt":"Lorem lorem lorem. Lorem lorem lorem. Lorem lorem lorem.\r\nLorem lorem lorem. Lorem lorem lorem. Lorem lorem lorem.\r\nLorem lorem lorem. Lorem lorem lorem. Lorem lorem lorem.\r\nLorem lorem lorem. Lorem lorem lorem. Lorem lorem lorem.\r\nLorem lorem lorem. Lorem lorem lorem. Lorem lorem lorem.\r\n","PublishDate":"2020-01-15T13:16:37.9825462+00:00"},{"ID":78,"Title":"Book 78","Description":"Lorem lorem lorem. Lorem lorem lorem. Lorem lorem lorem.\r\n","PageCount":7800,"Excerpt":"Lorem lorem lorem. Lorem lorem lorem. Lorem lorem lorem.\r\nLorem lorem lorem. Lorem lorem lorem. Lorem lorem lorem.\r\nLorem lorem lorem. Lorem lorem lorem. Lorem lorem lorem.\r\nLorem lorem lorem. Lorem lorem lorem. Lorem lorem lorem.\r\nLorem lorem lorem. Lorem lorem lorem. Lorem lorem lorem.\r\n","PublishDate":"2020-01-14T13:16:37.9825462+00:00"},{"ID":79,"Title":"Book 79","Description":"Lorem lorem lorem. Lorem lorem lorem. Lorem lorem lorem.\r\n","PageCount":7900,"Excerpt":"Lorem lorem lorem. Lorem lorem lorem. Lorem lorem lorem.\r\nLorem lorem lorem. Lorem lorem lorem. Lorem lorem lorem.\r\nLorem lorem lorem. Lorem lorem lorem. Lorem lorem lorem.\r\nLorem lorem lorem. Lorem lorem lorem. Lorem lorem lorem.\r\nLorem lorem lorem. Lorem lorem lorem. Lorem lorem lorem.\r\n","PublishDate":"2020-01-13T13:16:37.9825462+00:00"},{"ID":80,"Title":"Book 80","Description":"Lorem lorem lorem. Lorem lorem lorem. Lorem lorem lorem.\r\n","PageCount":8000,"Excerpt":"Lorem lorem lorem. Lorem lorem lorem. Lorem lorem lorem.\r\nLorem lorem lorem. Lorem lorem lorem. Lorem lorem lorem.\r\nLorem lorem lorem. Lorem lorem lorem. Lorem lorem lorem.\r\nLorem lorem lorem. Lorem lorem lorem. Lorem lorem lorem.\r\nLorem lorem lorem. Lorem lorem lorem. Lorem lorem lorem.\r\n","PublishDate":"2020-01-12T13:16:37.9825462+00:00"},{"ID":81,"Title":"Book 81","Description":"Lorem lorem lorem. Lorem lorem lorem. Lorem lorem lorem.\r\n","PageCount":8100,"Excerpt":"Lorem lorem lorem. Lorem lorem lorem. Lorem lorem lorem.\r\nLorem lorem lorem. Lorem lorem lorem. Lorem lorem lorem.\r\nLorem lorem lorem. Lorem lorem lorem. Lorem lorem lorem.\r\nLorem lorem lorem. Lorem lorem lorem. Lorem lorem lorem.\r\nLorem lorem lorem. Lorem lorem lorem. Lorem lorem lorem.\r\n","PublishDate":"2020-01-11T13:16:37.9825462+00:00"},{"ID":82,"Title":"Book 82","Description":"Lorem lorem lorem. Lorem lorem lorem. Lorem lorem lorem.\r\n","PageCount":8200,"Excerpt":"Lorem lorem lorem. Lorem lorem lorem. Lorem lorem lorem.\r\nLorem lorem lorem. Lorem lorem lorem. Lorem lorem lorem.\r\nLorem lorem lorem. Lorem lorem lorem. Lorem lorem lorem.\r\nLorem lorem lorem. Lorem lorem lorem. Lorem lorem lorem.\r\nLorem lorem lorem. Lorem lorem lorem. Lorem lorem lorem.\r\n","PublishDate":"2020-01-10T13:16:37.9825462+00:00"},{"ID":83,"Title":"Book 83","Description":"Lorem lorem lorem. Lorem lorem lorem. Lorem lorem lorem.\r\n","PageCount":8300,"Excerpt":"Lorem lorem lorem. Lorem lorem lorem. Lorem lorem lorem.\r\nLorem lorem lorem. Lorem lorem lorem. Lorem lorem lorem.\r\nLorem lorem lorem. Lorem lorem lorem. Lorem lorem lorem.\r\nLorem lorem lorem. Lorem lorem lorem. Lorem lorem lorem.\r\nLorem lorem lorem. Lorem lorem lorem. Lorem lorem lorem.\r\n","PublishDate":"2020-01-09T13:16:37.9825462+00:00"},{"ID":84,"Title":"Book 84","Description":"Lorem lorem lorem. Lorem lorem lorem. Lorem lorem lorem.\r\n","PageCount":8400,"Excerpt":"Lorem lorem lorem. Lorem lorem lorem. Lorem lorem lorem.\r\nLorem lorem lorem. Lorem lorem lorem. Lorem lorem lorem.\r\nLorem lorem lorem. Lorem lorem lorem. Lorem lorem lorem.\r\nLorem lorem lorem. Lorem lorem lorem. Lorem lorem lorem.\r\nLorem lorem lorem. Lorem lorem lorem. Lorem lorem lorem.\r\n","PublishDate":"2020-01-08T13:16:37.9825462+00:00"},{"ID":85,"Title":"Book 85","Description":"Lorem lorem lorem. Lorem lorem lorem. Lorem lorem lorem.\r\n","PageCount":8500,"Excerpt":"Lorem lorem lorem. Lorem lorem lorem. Lorem lorem lorem.\r\nLorem lorem lorem. Lorem lorem lorem. Lorem lorem lorem.\r\nLorem lorem lorem. Lorem lorem lorem. Lorem lorem lorem.\r\nLorem lorem lorem. Lorem lorem lorem. Lorem lorem lorem.\r\nLorem lorem lorem. Lorem lorem lorem. Lorem lorem lorem.\r\n","PublishDate":"2020-01-07T13:16:37.9825462+00:00"},{"ID":86,"Title":"Book 86","Description":"Lorem lorem lorem. Lorem lorem lorem. Lorem lorem lorem.\r\n","PageCount":8600,"Excerpt":"Lorem lorem lorem. Lorem lorem lorem. Lorem lorem lorem.\r\nLorem lorem lorem. Lorem lorem lorem. Lorem lorem lorem.\r\nLorem lorem lorem. Lorem lorem lorem. Lorem lorem lorem.\r\nLorem lorem lorem. Lorem lorem lorem. Lorem lorem lorem.\r\nLorem lorem lorem. Lorem lorem lorem. Lorem lorem lorem.\r\n","PublishDate":"2020-01-06T13:16:37.9825462+00:00"},{"ID":87,"Title":"Book 87","Description":"Lorem lorem lorem. Lorem lorem lorem. Lorem lorem lorem.\r\n","PageCount":8700,"Excerpt":"Lorem lorem lorem. Lorem lorem lorem. Lorem lorem lorem.\r\nLorem lorem lorem. Lorem lorem lorem. Lorem lorem lorem.\r\nLorem lorem lorem. Lorem lorem lorem. Lorem lorem lorem.\r\nLorem lorem lorem. Lorem lorem lorem. Lorem lorem lorem.\r\nLorem lorem lorem. Lorem lorem lorem. Lorem lorem lorem.\r\n","PublishDate":"2020-01-05T13:16:37.9825462+00:00"},{"ID":88,"Title":"Book 88","Description":"Lorem lorem lorem. Lorem lorem lorem. Lorem lorem lorem.\r\n","PageCount":8800,"Excerpt":"Lorem lorem lorem. Lorem lorem lorem. Lorem lorem lorem.\r\nLorem lorem lorem. Lorem lorem lorem. Lorem lorem lorem.\r\nLorem lorem lorem. Lorem lorem lorem. Lorem lorem lorem.\r\nLorem lorem lorem. Lorem lorem lorem. Lorem lorem lorem.\r\nLorem lorem lorem. Lorem lorem lorem. Lorem lorem lorem.\r\n","PublishDate":"2020-01-04T13:16:37.9825462+00:00"},{"ID":89,"Title":"Book 89","Description":"Lorem lorem lorem. Lorem lorem lorem. Lorem lorem lorem.\r\n","PageCount":8900,"Excerpt":"Lorem lorem lorem. Lorem lorem lorem. Lorem lorem lorem.\r\nLorem lorem lorem. Lorem lorem lorem. Lorem lorem lorem.\r\nLorem lorem lorem. Lorem lorem lorem. Lorem lorem lorem.\r\nLorem lorem lorem. Lorem lorem lorem. Lorem lorem lorem.\r\nLorem lorem lorem. Lorem lorem lorem. Lorem lorem lorem.\r\n","PublishDate":"2020-01-03T13:16:37.9825462+00:00"},{"ID":90,"Title":"Book 90","Description":"Lorem lorem lorem. Lorem lorem lorem. Lorem lorem lorem.\r\n","PageCount":9000,"Excerpt":"Lorem lorem lorem. Lorem lorem lorem. Lorem lorem lorem.\r\nLorem lorem lorem. Lorem lorem lorem. Lorem lorem lorem.\r\nLorem lorem lorem. Lorem lorem lorem. Lorem lorem lorem.\r\nLorem lorem lorem. Lorem lorem lorem. Lorem lorem lorem.\r\nLorem lorem lorem. Lorem lorem lorem. Lorem lorem lorem.\r\n","PublishDate":"2020-01-02T13:16:37.9825462+00:00"},{"ID":91,"Title":"Book 91","Description":"Lorem lorem lorem. Lorem lorem lorem. Lorem lorem lorem.\r\n","PageCount":9100,"Excerpt":"Lorem lorem lorem. Lorem lorem lorem. Lorem lorem lorem.\r\nLorem lorem lorem. Lorem lorem lorem. Lorem lorem lorem.\r\nLorem lorem lorem. Lorem lorem lorem. Lorem lorem lorem.\r\nLorem lorem lorem. Lorem lorem lorem. Lorem lorem lorem.\r\nLorem lorem lorem. Lorem lorem lorem. Lorem lorem lorem.\r\n","PublishDate":"2020-01-01T13:16:37.9825462+00:00"},{"ID":92,"Title":"Book 92","Description":"Lorem lorem lorem. Lorem lorem lorem. Lorem lorem lorem.\r\n","PageCount":9200,"Excerpt":"Lorem lorem lorem. Lorem lorem lorem. Lorem lorem lorem.\r\nLorem lorem lorem. Lorem lorem lorem. Lorem lorem lorem.\r\nLorem lorem lorem. Lorem lorem lorem. Lorem lorem lorem.\r\nLorem lorem lorem. Lorem lorem lorem. Lorem lorem lorem.\r\nLorem lorem lorem. Lorem lorem lorem. Lorem lorem lorem.\r\n","PublishDate":"2019-12-31T13:16:37.9825462+00:00"},{"ID":93,"Title":"Book 93","Description":"Lorem lorem lorem. Lorem lorem lorem. Lorem lorem lorem.\r\n","PageCount":9300,"Excerpt":"Lorem lorem lorem. Lorem lorem lorem. Lorem lorem lorem.\r\nLorem lorem lorem. Lorem lorem lorem. Lorem lorem lorem.\r\nLorem lorem lorem. Lorem lorem lorem. Lorem lorem lorem.\r\nLorem lorem lorem. Lorem lorem lorem. Lorem lorem lorem.\r\nLorem lorem lorem. Lorem lorem lorem. Lorem lorem lorem.\r\n","PublishDate":"2019-12-30T13:16:37.9825462+00:00"},{"ID":94,"Title":"Book 94","Description":"Lorem lorem lorem. Lorem lorem lorem. Lorem lorem lorem.\r\n","PageCount":9400,"Excerpt":"Lorem lorem lorem. Lorem lorem lorem. Lorem lorem lorem.\r\nLorem lorem lorem. Lorem lorem lorem. Lorem lorem lorem.\r\nLorem lorem lorem. Lorem lorem lorem. Lorem lorem lorem.\r\nLorem lorem lorem. Lorem lorem lorem. Lorem lorem lorem.\r\nLorem lorem lorem. Lorem lorem lorem. Lorem lorem lorem.\r\n","PublishDate":"2019-12-29T13:16:37.9825462+00:00"},{"ID":95,"Title":"Book 95","Description":"Lorem lorem lorem. Lorem lorem lorem. Lorem lorem lorem.\r\n","PageCount":9500,"Excerpt":"Lorem lorem lorem. Lorem lorem lorem. Lorem lorem lorem.\r\nLorem lorem lorem. Lorem lorem lorem. Lorem lorem lorem.\r\nLorem lorem lorem. Lorem lorem lorem. Lorem lorem lorem.\r\nLorem lorem lorem. Lorem lorem lorem. Lorem lorem lorem.\r\nLorem lorem lorem. Lorem lorem lorem. Lorem lorem lorem.\r\n","PublishDate":"2019-12-28T13:16:37.9825462+00:00"},{"ID":96,"Title":"Book 96","Description":"Lorem lorem lorem. Lorem lorem lorem. Lorem lorem lorem.\r\n","PageCount":9600,"Excerpt":"Lorem lorem lorem. Lorem lorem lorem. Lorem lorem lorem.\r\nLorem lorem lorem. Lorem lorem lorem. Lorem lorem lorem.\r\nLorem lorem lorem. Lorem lorem lorem. Lorem lorem lorem.\r\nLorem lorem lorem. Lorem lorem lorem. Lorem lorem lorem.\r\nLorem lorem lorem. Lorem lorem lorem. Lorem lorem lorem.\r\n","PublishDate":"2019-12-27T13:16:37.9825462+00:00"},{"ID":97,"Title":"Book 97","Description":"Lorem lorem lorem. Lorem lorem lorem. Lorem lorem lorem.\r\n","PageCount":9700,"Excerpt":"Lorem lorem lorem. Lorem lorem lorem. Lorem lorem lorem.\r\nLorem lorem lorem. Lorem lorem lorem. Lorem lorem lorem.\r\nLorem lorem lorem. Lorem lorem lorem. Lorem lorem lorem.\r\nLorem lorem lorem. Lorem lorem lorem. Lorem lorem lorem.\r\nLorem lorem lorem. Lorem lorem lorem. Lorem lorem lorem.\r\n","PublishDate":"2019-12-26T13:16:37.9825462+00:00"},{"ID":98,"Title":"Book 98","Description":"Lorem lorem lorem. Lorem lorem lorem. Lorem lorem lorem.\r\n","PageCount":9800,"Excerpt":"Lorem lorem lorem. Lorem lorem lorem. Lorem lorem lorem.\r\nLorem lorem lorem. Lorem lorem lorem. Lorem lorem lorem.\r\nLorem lorem lorem. Lorem lorem lorem. Lorem lorem lorem.\r\nLorem lorem lorem. Lorem lorem lorem. Lorem lorem lorem.\r\nLorem lorem lorem. Lorem lorem lorem. Lorem lorem lorem.\r\n","PublishDate":"2019-12-25T13:16:37.9825462+00:00"},{"ID":99,"Title":"Book 99","Description":"Lorem lorem lorem. Lorem lorem lorem. Lorem lorem lorem.\r\n","PageCount":9900,"Excerpt":"Lorem lorem lorem. Lorem lorem lorem. Lorem lorem lorem.\r\nLorem lorem lorem. Lorem lorem lorem. Lorem lorem lorem.\r\nLorem lorem lorem. Lorem lorem lorem. Lorem lorem lorem.\r\nLorem lorem lorem. Lorem lorem lorem. Lorem lorem lorem.\r\nLorem lorem lorem. Lorem lorem lorem. Lorem lorem lorem.\r\n","PublishDate":"2019-12-24T13:16:37.9825462+00:00"},{"ID":100,"Title":"Book 100","Description":"Lorem lorem lorem. Lorem lorem lorem. Lorem lorem lorem.\r\n","PageCount":10000,"Excerpt":"Lorem lorem lorem. Lorem lorem lorem. Lorem lorem lorem.\r\nLorem lorem lorem. Lorem lorem lorem. Lorem lorem lorem.\r\nLorem lorem lorem. Lorem lorem lorem. Lorem lorem lorem.\r\nLorem lorem lorem. Lorem lorem lorem. Lorem lorem lorem.\r\nLorem lorem lorem. Lorem lorem lorem. Lorem lorem lorem.\r\n","PublishDate":"2019-12-23T13:16:37.9825462+00:00"},{"ID":101,"Title":"Book 101","Description":"Lorem lorem lorem. Lorem lorem lorem. Lorem lorem lorem.\r\n","PageCount":10100,"Excerpt":"Lorem lorem lorem. Lorem lorem lorem. Lorem lorem lorem.\r\nLorem lorem lorem. Lorem lorem lorem. Lorem lorem lorem.\r\nLorem lorem lorem. Lorem lorem lorem. Lorem lorem lorem.\r\nLorem lorem lorem. Lorem lorem lorem. Lorem lorem lorem.\r\nLorem lorem lorem. Lorem lorem lorem. Lorem lorem lorem.\r\n","PublishDate":"2019-12-22T13:16:37.9825462+00:00"},{"ID":102,"Title":"Book 102","Description":"Lorem lorem lorem. Lorem lorem lorem. Lorem lorem lorem.\r\n","PageCount":10200,"Excerpt":"Lorem lorem lorem. Lorem lorem lorem. Lorem lorem lorem.\r\nLorem lorem lorem. Lorem lorem lorem. Lorem lorem lorem.\r\nLorem lorem lorem. Lorem lorem lorem. Lorem lorem lorem.\r\nLorem lorem lorem. Lorem lorem lorem. Lorem lorem lorem.\r\nLorem lorem lorem. Lorem lorem lorem. Lorem lorem lorem.\r\n","PublishDate":"2019-12-21T13:16:37.9825462+00:00"},{"ID":103,"Title":"Book 103","Description":"Lorem lorem lorem. Lorem lorem lorem. Lorem lorem lorem.\r\n","PageCount":10300,"Excerpt":"Lorem lorem lorem. Lorem lorem lorem. Lorem lorem lorem.\r\nLorem lorem lorem. Lorem lorem lorem. Lorem lorem lorem.\r\nLorem lorem lorem. Lorem lorem lorem. Lorem lorem lorem.\r\nLorem lorem lorem. Lorem lorem lorem. Lorem lorem lorem.\r\nLorem lorem lorem. Lorem lorem lorem. Lorem lorem lorem.\r\n","PublishDate":"2019-12-20T13:16:37.9825462+00:00"},{"ID":104,"Title":"Book 104","Description":"Lorem lorem lorem. Lorem lorem lorem. Lorem lorem lorem.\r\n","PageCount":10400,"Excerpt":"Lorem lorem lorem. Lorem lorem lorem. Lorem lorem lorem.\r\nLorem lorem lorem. Lorem lorem lorem. Lorem lorem lorem.\r\nLorem lorem lorem. Lorem lorem lorem. Lorem lorem lorem.\r\nLorem lorem lorem. Lorem lorem lorem. Lorem lorem lorem.\r\nLorem lorem lorem. Lorem lorem lorem. Lorem lorem lorem.\r\n","PublishDate":"2019-12-19T13:16:37.9825462+00:00"},{"ID":105,"Title":"Book 105","Description":"Lorem lorem lorem. Lorem lorem lorem. Lorem lorem lorem.\r\n","PageCount":10500,"Excerpt":"Lorem lorem lorem. Lorem lorem lorem. Lorem lorem lorem.\r\nLorem lorem lorem. Lorem lorem lorem. Lorem lorem lorem.\r\nLorem lorem lorem. Lorem lorem lorem. Lorem lorem lorem.\r\nLorem lorem lorem. Lorem lorem lorem. Lorem lorem lorem.\r\nLorem lorem lorem. Lorem lorem lorem. Lorem lorem lorem.\r\n","PublishDate":"2019-12-18T13:16:37.9825462+00:00"},{"ID":106,"Title":"Book 106","Description":"Lorem lorem lorem. Lorem lorem lorem. Lorem lorem lorem.\r\n","PageCount":10600,"Excerpt":"Lorem lorem lorem. Lorem lorem lorem. Lorem lorem lorem.\r\nLorem lorem lorem. Lorem lorem lorem. Lorem lorem lorem.\r\nLorem lorem lorem. Lorem lorem lorem. Lorem lorem lorem.\r\nLorem lorem lorem. Lorem lorem lorem. Lorem lorem lorem.\r\nLorem lorem lorem. Lorem lorem lorem. Lorem lorem lorem.\r\n","PublishDate":"2019-12-17T13:16:37.9825462+00:00"},{"ID":107,"Title":"Book 107","Description":"Lorem lorem lorem. Lorem lorem lorem. Lorem lorem lorem.\r\n","PageCount":10700,"Excerpt":"Lorem lorem lorem. Lorem lorem lorem. Lorem lorem lorem.\r\nLorem lorem lorem. Lorem lorem lorem. Lorem lorem lorem.\r\nLorem lorem lorem. Lorem lorem lorem. Lorem lorem lorem.\r\nLorem lorem lorem. Lorem lorem lorem. Lorem lorem lorem.\r\nLorem lorem lorem. Lorem lorem lorem. Lorem lorem lorem.\r\n","PublishDate":"2019-12-16T13:16:37.9825462+00:00"},{"ID":108,"Title":"Book 108","Description":"Lorem lorem lorem. Lorem lorem lorem. Lorem lorem lorem.\r\n","PageCount":10800,"Excerpt":"Lorem lorem lorem. Lorem lorem lorem. Lorem lorem lorem.\r\nLorem lorem lorem. Lorem lorem lorem. Lorem lorem lorem.\r\nLorem lorem lorem. Lorem lorem lorem. Lorem lorem lorem.\r\nLorem lorem lorem. Lorem lorem lorem. Lorem lorem lorem.\r\nLorem lorem lorem. Lorem lorem lorem. Lorem lorem lorem.\r\n","PublishDate":"2019-12-15T13:16:37.9825462+00:00"},{"ID":109,"Title":"Book 109","Description":"Lorem lorem lorem. Lorem lorem lorem. Lorem lorem lorem.\r\n","PageCount":10900,"Excerpt":"Lorem lorem lorem. Lorem lorem lorem. Lorem lorem lorem.\r\nLorem lorem lorem. Lorem lorem lorem. Lorem lorem lorem.\r\nLorem lorem lorem. Lorem lorem lorem. Lorem lorem lorem.\r\nLorem lorem lorem. Lorem lorem lorem. Lorem lorem lorem.\r\nLorem lorem lorem. Lorem lorem lorem. Lorem lorem lorem.\r\n","PublishDate":"2019-12-14T13:16:37.9825462+00:00"},{"ID":110,"Title":"Book 110","Description":"Lorem lorem lorem. Lorem lorem lorem. Lorem lorem lorem.\r\n","PageCount":11000,"Excerpt":"Lorem lorem lorem. Lorem lorem lorem. Lorem lorem lorem.\r\nLorem lorem lorem. Lorem lorem lorem. Lorem lorem lorem.\r\nLorem lorem lorem. Lorem lorem lorem. Lorem lorem lorem.\r\nLorem lorem lorem. Lorem lorem lorem. Lorem lorem lorem.\r\nLorem lorem lorem. Lorem lorem lorem. Lorem lorem lorem.\r\n","PublishDate":"2019-12-13T13:16:37.9825462+00:00"},{"ID":111,"Title":"Book 111","Description":"Lorem lorem lorem. Lorem lorem lorem. Lorem lorem lorem.\r\n","PageCount":11100,"Excerpt":"Lorem lorem lorem. Lorem lorem lorem. Lorem lorem lorem.\r\nLorem lorem lorem. Lorem lorem lorem. Lorem lorem lorem.\r\nLorem lorem lorem. Lorem lorem lorem. Lorem lorem lorem.\r\nLorem lorem lorem. Lorem lorem lorem. Lorem lorem lorem.\r\nLorem lorem lorem. Lorem lorem lorem. Lorem lorem lorem.\r\n","PublishDate":"2019-12-12T13:16:37.9825462+00:00"},{"ID":112,"Title":"Book 112","Description":"Lorem lorem lorem. Lorem lorem lorem. Lorem lorem lorem.\r\n","PageCount":11200,"Excerpt":"Lorem lorem lorem. Lorem lorem lorem. Lorem lorem lorem.\r\nLorem lorem lorem. Lorem lorem lorem. Lorem lorem lorem.\r\nLorem lorem lorem. Lorem lorem lorem. Lorem lorem lorem.\r\nLorem lorem lorem. Lorem lorem lorem. Lorem lorem lorem.\r\nLorem lorem lorem. Lorem lorem lorem. Lorem lorem lorem.\r\n","PublishDate":"2019-12-11T13:16:37.9825462+00:00"},{"ID":113,"Title":"Book 113","Description":"Lorem lorem lorem. Lorem lorem lorem. Lorem lorem lorem.\r\n","PageCount":11300,"Excerpt":"Lorem lorem lorem. Lorem lorem lorem. Lorem lorem lorem.\r\nLorem lorem lorem. Lorem lorem lorem. Lorem lorem lorem.\r\nLorem lorem lorem. Lorem lorem lorem. Lorem lorem lorem.\r\nLorem lorem lorem. Lorem lorem lorem. Lorem lorem lorem.\r\nLorem lorem lorem. Lorem lorem lorem. Lorem lorem lorem.\r\n","PublishDate":"2019-12-10T13:16:37.9825462+00:00"},{"ID":114,"Title":"Book 114","Description":"Lorem lorem lorem. Lorem lorem lorem. Lorem lorem lorem.\r\n","PageCount":11400,"Excerpt":"Lorem lorem lorem. Lorem lorem lorem. Lorem lorem lorem.\r\nLorem lorem lorem. Lorem lorem lorem. Lorem lorem lorem.\r\nLorem lorem lorem. Lorem lorem lorem. Lorem lorem lorem.\r\nLorem lorem lorem. Lorem lorem lorem. Lorem lorem lorem.\r\nLorem lorem lorem. Lorem lorem lorem. Lorem lorem lorem.\r\n","PublishDate":"2019-12-09T13:16:37.9825462+00:00"},{"ID":115,"Title":"Book 115","Description":"Lorem lorem lorem. Lorem lorem lorem. Lorem lorem lorem.\r\n","PageCount":11500,"Excerpt":"Lorem lorem lorem. Lorem lorem lorem. Lorem lorem lorem.\r\nLorem lorem lorem. Lorem lorem lorem. Lorem lorem lorem.\r\nLorem lorem lorem. Lorem lorem lorem. Lorem lorem lorem.\r\nLorem lorem lorem. Lorem lorem lorem. Lorem lorem lorem.\r\nLorem lorem lorem. Lorem lorem lorem. Lorem lorem lorem.\r\n","PublishDate":"2019-12-08T13:16:37.9825462+00:00"},{"ID":116,"Title":"Book 116","Description":"Lorem lorem lorem. Lorem lorem lorem. Lorem lorem lorem.\r\n","PageCount":11600,"Excerpt":"Lorem lorem lorem. Lorem lorem lorem. Lorem lorem lorem.\r\nLorem lorem lorem. Lorem lorem lorem. Lorem lorem lorem.\r\nLorem lorem lorem. Lorem lorem lorem. Lorem lorem lorem.\r\nLorem lorem lorem. Lorem lorem lorem. Lorem lorem lorem.\r\nLorem lorem lorem. Lorem lorem lorem. Lorem lorem lorem.\r\n","PublishDate":"2019-12-07T13:16:37.9825462+00:00"},{"ID":117,"Title":"Book 117","Description":"Lorem lorem lorem. Lorem lorem lorem. Lorem lorem lorem.\r\n","PageCount":11700,"Excerpt":"Lorem lorem lorem. Lorem lorem lorem. Lorem lorem lorem.\r\nLorem lorem lorem. Lorem lorem lorem. Lorem lorem lorem.\r\nLorem lorem lorem. Lorem lorem lorem. Lorem lorem lorem.\r\nLorem lorem lorem. Lorem lorem lorem. Lorem lorem lorem.\r\nLorem lorem lorem. Lorem lorem lorem. Lorem lorem lorem.\r\n","PublishDate":"2019-12-06T13:16:37.9825462+00:00"},{"ID":118,"Title":"Book 118","Description":"Lorem lorem lorem. Lorem lorem lorem. Lorem lorem lorem.\r\n","PageCount":11800,"Excerpt":"Lorem lorem lorem. Lorem lorem lorem. Lorem lorem lorem.\r\nLorem lorem lorem. Lorem lorem lorem. Lorem lorem lorem.\r\nLorem lorem lorem. Lorem lorem lorem. Lorem lorem lorem.\r\nLorem lorem lorem. Lorem lorem lorem. Lorem lorem lorem.\r\nLorem lorem lorem. Lorem lorem lorem. Lorem lorem lorem.\r\n","PublishDate":"2019-12-05T13:16:37.9825462+00:00"},{"ID":119,"Title":"Book 119","Description":"Lorem lorem lorem. Lorem lorem lorem. Lorem lorem lorem.\r\n","PageCount":11900,"Excerpt":"Lorem lorem lorem. Lorem lorem lorem. Lorem lorem lorem.\r\nLorem lorem lorem. Lorem lorem lorem. Lorem lorem lorem.\r\nLorem lorem lorem. Lorem lorem lorem. Lorem lorem lorem.\r\nLorem lorem lorem. Lorem lorem lorem. Lorem lorem lorem.\r\nLorem lorem lorem. Lorem lorem lorem. Lorem lorem lorem.\r\n","PublishDate":"2019-12-04T13:16:37.9825462+00:00"},{"ID":120,"Title":"Book 120","Description":"Lorem lorem lorem. Lorem lorem lorem. Lorem lorem lorem.\r\n","PageCount":12000,"Excerpt":"Lorem lorem lorem. Lorem lorem lorem. Lorem lorem lorem.\r\nLorem lorem lorem. Lorem lorem lorem. Lorem lorem lorem.\r\nLorem lorem lorem. Lorem lorem lorem. Lorem lorem lorem.\r\nLorem lorem lorem. Lorem lorem lorem. Lorem lorem lorem.\r\nLorem lorem lorem. Lorem lorem lorem. Lorem lorem lorem.\r\n","PublishDate":"2019-12-03T13:16:37.9825462+00:00"},{"ID":121,"Title":"Book 121","Description":"Lorem lorem lorem. Lorem lorem lorem. Lorem lorem lorem.\r\n","PageCount":12100,"Excerpt":"Lorem lorem lorem. Lorem lorem lorem. Lorem lorem lorem.\r\nLorem lorem lorem. Lorem lorem lorem. Lorem lorem lorem.\r\nLorem lorem lorem. Lorem lorem lorem. Lorem lorem lorem.\r\nLorem lorem lorem. Lorem lorem lorem. Lorem lorem lorem.\r\nLorem lorem lorem. Lorem lorem lorem. Lorem lorem lorem.\r\n","PublishDate":"2019-12-02T13:16:37.9825462+00:00"},{"ID":122,"Title":"Book 122","Description":"Lorem lorem lorem. Lorem lorem lorem. Lorem lorem lorem.\r\n","PageCount":12200,"Excerpt":"Lorem lorem lorem. Lorem lorem lorem. Lorem lorem lorem.\r\nLorem lorem lorem. Lorem lorem lorem. Lorem lorem lorem.\r\nLorem lorem lorem. Lorem lorem lorem. Lorem lorem lorem.\r\nLorem lorem lorem. Lorem lorem lorem. Lorem lorem lorem.\r\nLorem lorem lorem. Lorem lorem lorem. Lorem lorem lorem.\r\n","PublishDate":"2019-12-01T13:16:37.9825462+00:00"},{"ID":123,"Title":"Book 123","Description":"Lorem lorem lorem. Lorem lorem lorem. Lorem lorem lorem.\r\n","PageCount":12300,"Excerpt":"Lorem lorem lorem. Lorem lorem lorem. Lorem lorem lorem.\r\nLorem lorem lorem. Lorem lorem lorem. Lorem lorem lorem.\r\nLorem lorem lorem. Lorem lorem lorem. Lorem lorem lorem.\r\nLorem lorem lorem. Lorem lorem lorem. Lorem lorem lorem.\r\nLorem lorem lorem. Lorem lorem lorem. Lorem lorem lorem.\r\n","PublishDate":"2019-11-30T13:16:37.9825462+00:00"},{"ID":124,"Title":"Book 124","Description":"Lorem lorem lorem. Lorem lorem lorem. Lorem lorem lorem.\r\n","PageCount":12400,"Excerpt":"Lorem lorem lorem. Lorem lorem lorem. Lorem lorem lorem.\r\nLorem lorem lorem. Lorem lorem lorem. Lorem lorem lorem.\r\nLorem lorem lorem. Lorem lorem lorem. Lorem lorem lorem.\r\nLorem lorem lorem. Lorem lorem lorem. Lorem lorem lorem.\r\nLorem lorem lorem. Lorem lorem lorem. Lorem lorem lorem.\r\n","PublishDate":"2019-11-29T13:16:37.9825462+00:00"},{"ID":125,"Title":"Book 125","Description":"Lorem lorem lorem. Lorem lorem lorem. Lorem lorem lorem.\r\n","PageCount":12500,"Excerpt":"Lorem lorem lorem. Lorem lorem lorem. Lorem lorem lorem.\r\nLorem lorem lorem. Lorem lorem lorem. Lorem lorem lorem.\r\nLorem lorem lorem. Lorem lorem lorem. Lorem lorem lorem.\r\nLorem lorem lorem. Lorem lorem lorem. Lorem lorem lorem.\r\nLorem lorem lorem. Lorem lorem lorem. Lorem lorem lorem.\r\n","PublishDate":"2019-11-28T13:16:37.9825462+00:00"},{"ID":126,"Title":"Book 126","Description":"Lorem lorem lorem. Lorem lorem lorem. Lorem lorem lorem.\r\n","PageCount":12600,"Excerpt":"Lorem lorem lorem. Lorem lorem lorem. Lorem lorem lorem.\r\nLorem lorem lorem. Lorem lorem lorem. Lorem lorem lorem.\r\nLorem lorem lorem. Lorem lorem lorem. Lorem lorem lorem.\r\nLorem lorem lorem. Lorem lorem lorem. Lorem lorem lorem.\r\nLorem lorem lorem. Lorem lorem lorem. Lorem lorem lorem.\r\n","PublishDate":"2019-11-27T13:16:37.9825462+00:00"},{"ID":127,"Title":"Book 127","Description":"Lorem lorem lorem. Lorem lorem lorem. Lorem lorem lorem.\r\n","PageCount":12700,"Excerpt":"Lorem lorem lorem. Lorem lorem lorem. Lorem lorem lorem.\r\nLorem lorem lorem. Lorem lorem lorem. Lorem lorem lorem.\r\nLorem lorem lorem. Lorem lorem lorem. Lorem lorem lorem.\r\nLorem lorem lorem. Lorem lorem lorem. Lorem lorem lorem.\r\nLorem lorem lorem. Lorem lorem lorem. Lorem lorem lorem.\r\n","PublishDate":"2019-11-26T13:16:37.9825462+00:00"},{"ID":128,"Title":"Book 128","Description":"Lorem lorem lorem. Lorem lorem lorem. Lorem lorem lorem.\r\n","PageCount":12800,"Excerpt":"Lorem lorem lorem. Lorem lorem lorem. Lorem lorem lorem.\r\nLorem lorem lorem. Lorem lorem lorem. Lorem lorem lorem.\r\nLorem lorem lorem. Lorem lorem lorem. Lorem lorem lorem.\r\nLorem lorem lorem. Lorem lorem lorem. Lorem lorem lorem.\r\nLorem lorem lorem. Lorem lorem lorem. Lorem lorem lorem.\r\n","PublishDate":"2019-11-25T13:16:37.9825462+00:00"},{"ID":129,"Title":"Book 129","Description":"Lorem lorem lorem. Lorem lorem lorem. Lorem lorem lorem.\r\n","PageCount":12900,"Excerpt":"Lorem lorem lorem. Lorem lorem lorem. Lorem lorem lorem.\r\nLorem lorem lorem. Lorem lorem lorem. Lorem lorem lorem.\r\nLorem lorem lorem. Lorem lorem lorem. Lorem lorem lorem.\r\nLorem lorem lorem. Lorem lorem lorem. Lorem lorem lorem.\r\nLorem lorem lorem. Lorem lorem lorem. Lorem lorem lorem.\r\n","PublishDate":"2019-11-24T13:16:37.9825462+00:00"},{"ID":130,"Title":"Book 130","Description":"Lorem lorem lorem. Lorem lorem lorem. Lorem lorem lorem.\r\n","PageCount":13000,"Excerpt":"Lorem lorem lorem. Lorem lorem lorem. Lorem lorem lorem.\r\nLorem lorem lorem. Lorem lorem lorem. Lorem lorem lorem.\r\nLorem lorem lorem. Lorem lorem lorem. Lorem lorem lorem.\r\nLorem lorem lorem. Lorem lorem lorem. Lorem lorem lorem.\r\nLorem lorem lorem. Lorem lorem lorem. Lorem lorem lorem.\r\n","PublishDate":"2019-11-23T13:16:37.9825462+00:00"},{"ID":131,"Title":"Book 131","Description":"Lorem lorem lorem. Lorem lorem lorem. Lorem lorem lorem.\r\n","PageCount":13100,"Excerpt":"Lorem lorem lorem. Lorem lorem lorem. Lorem lorem lorem.\r\nLorem lorem lorem. Lorem lorem lorem. Lorem lorem lorem.\r\nLorem lorem lorem. Lorem lorem lorem. Lorem lorem lorem.\r\nLorem lorem lorem. Lorem lorem lorem. Lorem lorem lorem.\r\nLorem lorem lorem. Lorem lorem lorem. Lorem lorem lorem.\r\n","PublishDate":"2019-11-22T13:16:37.9825462+00:00"},{"ID":132,"Title":"Book 132","Description":"Lorem lorem lorem. Lorem lorem lorem. Lorem lorem lorem.\r\n","PageCount":13200,"Excerpt":"Lorem lorem lorem. Lorem lorem lorem. Lorem lorem lorem.\r\nLorem lorem lorem. Lorem lorem lorem. Lorem lorem lorem.\r\nLorem lorem lorem. Lorem lorem lorem. Lorem lorem lorem.\r\nLorem lorem lorem. Lorem lorem lorem. Lorem lorem lorem.\r\nLorem lorem lorem. Lorem lorem lorem. Lorem lorem lorem.\r\n","PublishDate":"2019-11-21T13:16:37.9825462+00:00"},{"ID":133,"Title":"Book 133","Description":"Lorem lorem lorem. Lorem lorem lorem. Lorem lorem lorem.\r\n","PageCount":13300,"Excerpt":"Lorem lorem lorem. Lorem lorem lorem. Lorem lorem lorem.\r\nLorem lorem lorem. Lorem lorem lorem. Lorem lorem lorem.\r\nLorem lorem lorem. Lorem lorem lorem. Lorem lorem lorem.\r\nLorem lorem lorem. Lorem lorem lorem. Lorem lorem lorem.\r\nLorem lorem lorem. Lorem lorem lorem. Lorem lorem lorem.\r\n","PublishDate":"2019-11-20T13:16:37.9825462+00:00"},{"ID":134,"Title":"Book 134","Description":"Lorem lorem lorem. Lorem lorem lorem. Lorem lorem lorem.\r\n","PageCount":13400,"Excerpt":"Lorem lorem lorem. Lorem lorem lorem. Lorem lorem lorem.\r\nLorem lorem lorem. Lorem lorem lorem. Lorem lorem lorem.\r\nLorem lorem lorem. Lorem lorem lorem. Lorem lorem lorem.\r\nLorem lorem lorem. Lorem lorem lorem. Lorem lorem lorem.\r\nLorem lorem lorem. Lorem lorem lorem. Lorem lorem lorem.\r\n","PublishDate":"2019-11-19T13:16:37.9825462+00:00"},{"ID":135,"Title":"Book 135","Description":"Lorem lorem lorem. Lorem lorem lorem. Lorem lorem lorem.\r\n","PageCount":13500,"Excerpt":"Lorem lorem lorem. Lorem lorem lorem. Lorem lorem lorem.\r\nLorem lorem lorem. Lorem lorem lorem. Lorem lorem lorem.\r\nLorem lorem lorem. Lorem lorem lorem. Lorem lorem lorem.\r\nLorem lorem lorem. Lorem lorem lorem. Lorem lorem lorem.\r\nLorem lorem lorem. Lorem lorem lorem. Lorem lorem lorem.\r\n","PublishDate":"2019-11-18T13:16:37.9825462+00:00"},{"ID":136,"Title":"Book 136","Description":"Lorem lorem lorem. Lorem lorem lorem. Lorem lorem lorem.\r\n","PageCount":13600,"Excerpt":"Lorem lorem lorem. Lorem lorem lorem. Lorem lorem lorem.\r\nLorem lorem lorem. Lorem lorem lorem. Lorem lorem lorem.\r\nLorem lorem lorem. Lorem lorem lorem. Lorem lorem lorem.\r\nLorem lorem lorem. Lorem lorem lorem. Lorem lorem lorem.\r\nLorem lorem lorem. Lorem lorem lorem. Lorem lorem lorem.\r\n","PublishDate":"2019-11-17T13:16:37.9825462+00:00"},{"ID":137,"Title":"Book 137","Description":"Lorem lorem lorem. Lorem lorem lorem. Lorem lorem lorem.\r\n","PageCount":13700,"Excerpt":"Lorem lorem lorem. Lorem lorem lorem. Lorem lorem lorem.\r\nLorem lorem lorem. Lorem lorem lorem. Lorem lorem lorem.\r\nLorem lorem lorem. Lorem lorem lorem. Lorem lorem lorem.\r\nLorem lorem lorem. Lorem lorem lorem. Lorem lorem lorem.\r\nLorem lorem lorem. Lorem lorem lorem. Lorem lorem lorem.\r\n","PublishDate":"2019-11-16T13:16:37.9825462+00:00"},{"ID":138,"Title":"Book 138","Description":"Lorem lorem lorem. Lorem lorem lorem. Lorem lorem lorem.\r\n","PageCount":13800,"Excerpt":"Lorem lorem lorem. Lorem lorem lorem. Lorem lorem lorem.\r\nLorem lorem lorem. Lorem lorem lorem. Lorem lorem lorem.\r\nLorem lorem lorem. Lorem lorem lorem. Lorem lorem lorem.\r\nLorem lorem lorem. Lorem lorem lorem. Lorem lorem lorem.\r\nLorem lorem lorem. Lorem lorem lorem. Lorem lorem lorem.\r\n","PublishDate":"2019-11-15T13:16:37.9825462+00:00"},{"ID":139,"Title":"Book 139","Description":"Lorem lorem lorem. Lorem lorem lorem. Lorem lorem lorem.\r\n","PageCount":13900,"Excerpt":"Lorem lorem lorem. Lorem lorem lorem. Lorem lorem lorem.\r\nLorem lorem lorem. Lorem lorem lorem. Lorem lorem lorem.\r\nLorem lorem lorem. Lorem lorem lorem. Lorem lorem lorem.\r\nLorem lorem lorem. Lorem lorem lorem. Lorem lorem lorem.\r\nLorem lorem lorem. Lorem lorem lorem. Lorem lorem lorem.\r\n","PublishDate":"2019-11-14T13:16:37.9825462+00:00"},{"ID":140,"Title":"Book 140","Description":"Lorem lorem lorem. Lorem lorem lorem. Lorem lorem lorem.\r\n","PageCount":14000,"Excerpt":"Lorem lorem lorem. Lorem lorem lorem. Lorem lorem lorem.\r\nLorem lorem lorem. Lorem lorem lorem. Lorem lorem lorem.\r\nLorem lorem lorem. Lorem lorem lorem. Lorem lorem lorem.\r\nLorem lorem lorem. Lorem lorem lorem. Lorem lorem lorem.\r\nLorem lorem lorem. Lorem lorem lorem. Lorem lorem lorem.\r\n","PublishDate":"2019-11-13T13:16:37.9825462+00:00"},{"ID":141,"Title":"Book 141","Description":"Lorem lorem lorem. Lorem lorem lorem. Lorem lorem lorem.\r\n","PageCount":14100,"Excerpt":"Lorem lorem lorem. Lorem lorem lorem. Lorem lorem lorem.\r\nLorem lorem lorem. Lorem lorem lorem. Lorem lorem lorem.\r\nLorem lorem lorem. Lorem lorem lorem. Lorem lorem lorem.\r\nLorem lorem lorem. Lorem lorem lorem. Lorem lorem lorem.\r\nLorem lorem lorem. Lorem lorem lorem. Lorem lorem lorem.\r\n","PublishDate":"2019-11-12T13:16:37.9825462+00:00"},{"ID":142,"Title":"Book 142","Description":"Lorem lorem lorem. Lorem lorem lorem. Lorem lorem lorem.\r\n","PageCount":14200,"Excerpt":"Lorem lorem lorem. Lorem lorem lorem. Lorem lorem lorem.\r\nLorem lorem lorem. Lorem lorem lorem. Lorem lorem lorem.\r\nLorem lorem lorem. Lorem lorem lorem. Lorem lorem lorem.\r\nLorem lorem lorem. Lorem lorem lorem. Lorem lorem lorem.\r\nLorem lorem lorem. Lorem lorem lorem. Lorem lorem lorem.\r\n","PublishDate":"2019-11-11T13:16:37.9825462+00:00"},{"ID":143,"Title":"Book 143","Description":"Lorem lorem lorem. Lorem lorem lorem. Lorem lorem lorem.\r\n","PageCount":14300,"Excerpt":"Lorem lorem lorem. Lorem lorem lorem. Lorem lorem lorem.\r\nLorem lorem lorem. Lorem lorem lorem. Lorem lorem lorem.\r\nLorem lorem lorem. Lorem lorem lorem. Lorem lorem lorem.\r\nLorem lorem lorem. Lorem lorem lorem. Lorem lorem lorem.\r\nLorem lorem lorem. Lorem lorem lorem. Lorem lorem lorem.\r\n","PublishDate":"2019-11-10T13:16:37.9825462+00:00"},{"ID":144,"Title":"Book 144","Description":"Lorem lorem lorem. Lorem lorem lorem. Lorem lorem lorem.\r\n","PageCount":14400,"Excerpt":"Lorem lorem lorem. Lorem lorem lorem. Lorem lorem lorem.\r\nLorem lorem lorem. Lorem lorem lorem. Lorem lorem lorem.\r\nLorem lorem lorem. Lorem lorem lorem. Lorem lorem lorem.\r\nLorem lorem lorem. Lorem lorem lorem. Lorem lorem lorem.\r\nLorem lorem lorem. Lorem lorem lorem. Lorem lorem lorem.\r\n","PublishDate":"2019-11-09T13:16:37.9825462+00:00"},{"ID":145,"Title":"Book 145","Description":"Lorem lorem lorem. Lorem lorem lorem. Lorem lorem lorem.\r\n","PageCount":14500,"Excerpt":"Lorem lorem lorem. Lorem lorem lorem. Lorem lorem lorem.\r\nLorem lorem lorem. Lorem lorem lorem. Lorem lorem lorem.\r\nLorem lorem lorem. Lorem lorem lorem. Lorem lorem lorem.\r\nLorem lorem lorem. Lorem lorem lorem. Lorem lorem lorem.\r\nLorem lorem lorem. Lorem lorem lorem. Lorem lorem lorem.\r\n","PublishDate":"2019-11-08T13:16:37.9825462+00:00"},{"ID":146,"Title":"Book 146","Description":"Lorem lorem lorem. Lorem lorem lorem. Lorem lorem lorem.\r\n","PageCount":14600,"Excerpt":"Lorem lorem lorem. Lorem lorem lorem. Lorem lorem lorem.\r\nLorem lorem lorem. Lorem lorem lorem. Lorem lorem lorem.\r\nLorem lorem lorem. Lorem lorem lorem. Lorem lorem lorem.\r\nLorem lorem lorem. Lorem lorem lorem. Lorem lorem lorem.\r\nLorem lorem lorem. Lorem lorem lorem. Lorem lorem lorem.\r\n","PublishDate":"2019-11-07T13:16:37.9825462+00:00"},{"ID":147,"Title":"Book 147","Description":"Lorem lorem lorem. Lorem lorem lorem. Lorem lorem lorem.\r\n","PageCount":14700,"Excerpt":"Lorem lorem lorem. Lorem lorem lorem. Lorem lorem lorem.\r\nLorem lorem lorem. Lorem lorem lorem. Lorem lorem lorem.\r\nLorem lorem lorem. Lorem lorem lorem. Lorem lorem lorem.\r\nLorem lorem lorem. Lorem lorem lorem. Lorem lorem lorem.\r\nLorem lorem lorem. Lorem lorem lorem. Lorem lorem lorem.\r\n","PublishDate":"2019-11-06T13:16:37.9825462+00:00"},{"ID":148,"Title":"Book 148","Description":"Lorem lorem lorem. Lorem lorem lorem. Lorem lorem lorem.\r\n","PageCount":14800,"Excerpt":"Lorem lorem lorem. Lorem lorem lorem. Lorem lorem lorem.\r\nLorem lorem lorem. Lorem lorem lorem. Lorem lorem lorem.\r\nLorem lorem lorem. Lorem lorem lorem. Lorem lorem lorem.\r\nLorem lorem lorem. Lorem lorem lorem. Lorem lorem lorem.\r\nLorem lorem lorem. Lorem lorem lorem. Lorem lorem lorem.\r\n","PublishDate":"2019-11-05T13:16:37.9825462+00:00"},{"ID":149,"Title":"Book 149","Description":"Lorem lorem lorem. Lorem lorem lorem. Lorem lorem lorem.\r\n","PageCount":14900,"Excerpt":"Lorem lorem lorem. Lorem lorem lorem. Lorem lorem lorem.\r\nLorem lorem lorem. Lorem lorem lorem. Lorem lorem lorem.\r\nLorem lorem lorem. Lorem lorem lorem. Lorem lorem lorem.\r\nLorem lorem lorem. Lorem lorem lorem. Lorem lorem lorem.\r\nLorem lorem lorem. Lorem lorem lorem. Lorem lorem lorem.\r\n","PublishDate":"2019-11-04T13:16:37.9825462+00:00"},{"ID":150,"Title":"Book 150","Description":"Lorem lorem lorem. Lorem lorem lorem. Lorem lorem lorem.\r\n","PageCount":15000,"Excerpt":"Lorem lorem lorem. Lorem lorem lorem. Lorem lorem lorem.\r\nLorem lorem lorem. Lorem lorem lorem. Lorem lorem lorem.\r\nLorem lorem lorem. Lorem lorem lorem. Lorem lorem lorem.\r\nLorem lorem lorem. Lorem lorem lorem. Lorem lorem lorem.\r\nLorem lorem lorem. Lorem lorem lorem. Lorem lorem lorem.\r\n","PublishDate":"2019-11-03T13:16:37.9825462+00:00"},{"ID":151,"Title":"Book 151","Description":"Lorem lorem lorem. Lorem lorem lorem. Lorem lorem lorem.\r\n","PageCount":15100,"Excerpt":"Lorem lorem lorem. Lorem lorem lorem. Lorem lorem lorem.\r\nLorem lorem lorem. Lorem lorem lorem. Lorem lorem lorem.\r\nLorem lorem lorem. Lorem lorem lorem. Lorem lorem lorem.\r\nLorem lorem lorem. Lorem lorem lorem. Lorem lorem lorem.\r\nLorem lorem lorem. Lorem lorem lorem. Lorem lorem lorem.\r\n","PublishDate":"2019-11-02T13:16:37.9825462+00:00"},{"ID":152,"Title":"Book 152","Description":"Lorem lorem lorem. Lorem lorem lorem. Lorem lorem lorem.\r\n","PageCount":15200,"Excerpt":"Lorem lorem lorem. Lorem lorem lorem. Lorem lorem lorem.\r\nLorem lorem lorem. Lorem lorem lorem. Lorem lorem lorem.\r\nLorem lorem lorem. Lorem lorem lorem. Lorem lorem lorem.\r\nLorem lorem lorem. Lorem lorem lorem. Lorem lorem lorem.\r\nLorem lorem lorem. Lorem lorem lorem. Lorem lorem lorem.\r\n","PublishDate":"2019-11-01T13:16:37.9825462+00:00"},{"ID":153,"Title":"Book 153","Description":"Lorem lorem lorem. Lorem lorem lorem. Lorem lorem lorem.\r\n","PageCount":15300,"Excerpt":"Lorem lorem lorem. Lorem lorem lorem. Lorem lorem lorem.\r\nLorem lorem lorem. Lorem lorem lorem. Lorem lorem lorem.\r\nLorem lorem lorem. Lorem lorem lorem. Lorem lorem lorem.\r\nLorem lorem lorem. Lorem lorem lorem. Lorem lorem lorem.\r\nLorem lorem lorem. Lorem lorem lorem. Lorem lorem lorem.\r\n","PublishDate":"2019-10-31T13:16:37.9825462+00:00"},{"ID":154,"Title":"Book 154","Description":"Lorem lorem lorem. Lorem lorem lorem. Lorem lorem lorem.\r\n","PageCount":15400,"Excerpt":"Lorem lorem lorem. Lorem lorem lorem. Lorem lorem lorem.\r\nLorem lorem lorem. Lorem lorem lorem. Lorem lorem lorem.\r\nLorem lorem lorem. Lorem lorem lorem. Lorem lorem lorem.\r\nLorem lorem lorem. Lorem lorem lorem. Lorem lorem lorem.\r\nLorem lorem lorem. Lorem lorem lorem. Lorem lorem lorem.\r\n","PublishDate":"2019-10-30T13:16:37.9825462+00:00"},{"ID":155,"Title":"Book 155","Description":"Lorem lorem lorem. Lorem lorem lorem. Lorem lorem lorem.\r\n","PageCount":15500,"Excerpt":"Lorem lorem lorem. Lorem lorem lorem. Lorem lorem lorem.\r\nLorem lorem lorem. Lorem lorem lorem. Lorem lorem lorem.\r\nLorem lorem lorem. Lorem lorem lorem. Lorem lorem lorem.\r\nLorem lorem lorem. Lorem lorem lorem. Lorem lorem lorem.\r\nLorem lorem lorem. Lorem lorem lorem. Lorem lorem lorem.\r\n","PublishDate":"2019-10-29T13:16:37.9825462+00:00"},{"ID":156,"Title":"Book 156","Description":"Lorem lorem lorem. Lorem lorem lorem. Lorem lorem lorem.\r\n","PageCount":15600,"Excerpt":"Lorem lorem lorem. Lorem lorem lorem. Lorem lorem lorem.\r\nLorem lorem lorem. Lorem lorem lorem. Lorem lorem lorem.\r\nLorem lorem lorem. Lorem lorem lorem. Lorem lorem lorem.\r\nLorem lorem lorem. Lorem lorem lorem. Lorem lorem lorem.\r\nLorem lorem lorem. Lorem lorem lorem. Lorem lorem lorem.\r\n","PublishDate":"2019-10-28T13:16:37.9825462+00:00"},{"ID":157,"Title":"Book 157","Description":"Lorem lorem lorem. Lorem lorem lorem. Lorem lorem lorem.\r\n","PageCount":15700,"Excerpt":"Lorem lorem lorem. Lorem lorem lorem. Lorem lorem lorem.\r\nLorem lorem lorem. Lorem lorem lorem. Lorem lorem lorem.\r\nLorem lorem lorem. Lorem lorem lorem. Lorem lorem lorem.\r\nLorem lorem lorem. Lorem lorem lorem. Lorem lorem lorem.\r\nLorem lorem lorem. Lorem lorem lorem. Lorem lorem lorem.\r\n","PublishDate":"2019-10-27T13:16:37.9825462+00:00"},{"ID":158,"Title":"Book 158","Description":"Lorem lorem lorem. Lorem lorem lorem. Lorem lorem lorem.\r\n","PageCount":15800,"Excerpt":"Lorem lorem lorem. Lorem lorem lorem. Lorem lorem lorem.\r\nLorem lorem lorem. Lorem lorem lorem. Lorem lorem lorem.\r\nLorem lorem lorem. Lorem lorem lorem. Lorem lorem lorem.\r\nLorem lorem lorem. Lorem lorem lorem. Lorem lorem lorem.\r\nLorem lorem lorem. Lorem lorem lorem. Lorem lorem
[...]
Lorem lorem lorem. Lorem lorem lorem. Lorem lorem lorem.\r\n","PublishDate":"2019-10-19T13:16:39.8142767+00:00"},{"ID":166,"Title":"Book 166","Description":"Lorem lorem lorem. Lorem lorem lorem. Lorem lorem lorem.\r\n","PageCount":16600,"Excerpt":"Lorem lorem lorem. Lorem lorem lorem. Lorem lorem lorem.\r\nLorem lorem lorem. Lorem lorem lorem. Lorem lorem lorem.\r\nLorem lorem lorem. Lorem lorem lorem. Lorem lorem lorem.\r\nLorem lorem lorem. Lorem lorem lorem. Lorem lorem lorem.\r\nLorem lorem lorem. Lorem lorem lorem. Lorem lorem lorem.\r\n","PublishDate":"2019-10-18T13:16:39.8142767+00:00"},{"ID":167,"Title":"Book 167","Description":"Lorem lorem lorem. Lorem lorem lorem. Lorem lorem lorem.\r\n","PageCount":16700,"Excerpt":"Lorem lorem lorem. Lorem lorem lorem. Lorem lorem lorem.\r\nLorem lorem lorem. Lorem lorem lorem. Lorem lorem lorem.\r\nLorem lorem lorem. Lorem lorem lorem. Lorem lorem lorem.\r\nLorem lorem lorem. Lorem lorem lorem. Lorem lorem lorem.\r\nLorem lorem lorem. Lorem lorem lorem. Lorem lorem lorem.\r\n","PublishDate":"2019-10-17T13:16:39.8142767+00:00"},{"ID":168,"Title":"Book 168","Description":"Lorem lorem lorem. Lorem lorem lorem. Lorem lorem lorem.\r\n","PageCount":16800,"Excerpt":"Lorem lorem lorem. Lorem lorem lorem. Lorem lorem lorem.\r\nLorem lorem lorem. Lorem lorem lorem. Lorem lorem lorem.\r\nLorem lorem lorem. Lorem lorem lorem. Lorem lorem lorem.\r\nLorem lorem lorem. Lorem lorem lorem. Lorem lorem lorem.\r\nLorem lorem lorem. Lorem lorem lorem. Lorem lorem lorem.\r\n","PublishDate":"2019-10-16T13:16:39.8142767+00:00"},{"ID":169,"Title":"Book 169","Description":"Lorem lorem lorem. Lorem lorem lorem. Lorem lorem lorem.\r\n","PageCount":16900,"Excerpt":"Lorem lorem lorem. Lorem lorem lorem. Lorem lorem lorem.\r\nLorem lorem lorem. Lorem lorem lorem. Lorem lorem lorem.\r\nLorem lorem lorem. Lorem lorem lorem. Lorem lorem lorem.\r\nLorem lorem lorem. Lorem lorem lorem. Lorem lorem lorem.\r\nLorem lorem lorem. Lorem lorem lorem. Lorem lorem lorem.\r\n","PublishDate":"2019-10-15T13:16:39.8142767+00:00"},{"ID":170,"Title":"Book 170","Description":"Lorem lorem lorem. Lorem lorem lorem. Lorem lorem lorem.\r\n","PageCount":17000,"Excerpt":"Lorem lorem lorem. Lorem lorem lorem. Lorem lorem lorem.\r\nLorem lorem lorem. Lorem lorem lorem. Lorem lorem lorem.\r\nLorem lorem lorem. Lorem lorem lorem. Lorem lorem lorem.\r\nLorem lorem lorem. Lorem lorem lorem. Lorem lorem lorem.\r\nLorem lorem lorem. Lorem lorem lorem. Lorem lorem lorem.\r\n","PublishDate":"2019-10-14T13:16:39.8142767+00:00"},{"ID":171,"Title":"Book 171","Description":"Lorem lorem lorem. Lorem lorem lorem. Lorem lorem lorem.\r\n","PageCount":17100,"Excerpt":"Lorem lorem lorem. Lorem lorem lorem. Lorem lorem lorem.\r\nLorem lorem lorem. Lorem lorem lorem. Lorem lorem lorem.\r\nLorem lorem lorem. Lorem lorem lorem. Lorem lorem lorem.\r\nLorem lorem lorem. Lorem lorem lorem. Lorem lorem lorem.\r\nLorem lorem lorem. Lorem lorem lorem. Lorem lorem lorem.\r\n","PublishDate":"2019-10-13T13:16:39.8142767+00:00"},{"ID":172,"Title":"Book 172","Description":"Lorem lorem lorem. Lorem lorem lorem. Lorem lorem lorem.\r\n","PageCount":17200,"Excerpt":"Lorem lorem lorem. Lorem lorem lorem. Lorem lorem lorem.\r\nLorem lorem lorem. Lorem lorem lorem. Lorem lorem lorem.\r\nLorem lorem lorem. Lorem lorem lorem. Lorem lorem lorem.\r\nLorem lorem lorem. Lorem lorem lorem. Lorem lorem lorem.\r\nLorem lorem lorem. Lorem lorem lorem. Lorem lorem lorem.\r\n","PublishDate":"2019-10-12T13:16:39.8142767+00:00"},{"ID":173,"Title":"Book 173","Description":"Lorem lorem lorem. Lorem lorem lorem. Lorem lorem lorem.\r\n","PageCount":17300,"Excerpt":"Lorem lorem lorem. Lorem lorem lorem. Lorem lorem lorem.\r\nLorem lorem lorem. Lorem lorem lorem. Lorem lorem lorem.\r\nLorem lorem lorem. Lorem lorem lorem. Lorem lorem lorem.\r\nLorem lorem lorem. Lorem lorem lorem. Lorem lorem lorem.\r\nLorem lorem lorem. Lorem lorem lorem. Lorem lorem lorem.\r\n","PublishDate":"2019-10-11T13:16:39.8142767+00:00"},{"ID":174,"Title":"Book 174","Description":"Lorem lorem lorem. Lorem lorem lorem. Lorem lorem lorem.\r\n","PageCount":17400,"Excerpt":"Lorem lorem lorem. Lorem lorem lorem. Lorem lorem lorem.\r\nLorem lorem lorem. Lorem lorem lorem. Lorem lorem lorem.\r\nLorem lorem lorem. Lorem lorem lorem. Lorem lorem lorem.\r\nLorem lorem lorem. Lorem lorem lorem. Lorem lorem lorem.\r\nLorem lorem lorem. Lorem lorem lorem. Lorem lorem lorem.\r\n","PublishDate":"2019-10-10T13:16:39.8142767+00:00"},{"ID":175,"Title":"Book 175","Description":"Lorem lorem lorem. Lorem lorem lorem. Lorem lorem lorem.\r\n","PageCount":17500,"Excerpt":"Lorem lorem lorem. Lorem lorem lorem. Lorem lorem lorem.\r\nLorem lorem lorem. Lorem lorem lorem. Lorem lorem lorem.\r\nLorem lorem lorem. Lorem lorem lorem. Lorem lorem lorem.\r\nLorem lorem lorem. Lorem lorem lorem. Lorem lorem lorem.\r\nLorem lorem lorem. Lorem lorem lorem. Lorem lorem lorem.\r\n","PublishDate":"2019-10-09T13:16:39.8142767+00:00"},{"ID":176,"Title":"Book 176","Description":"Lorem lorem lorem. Lorem lorem lorem. Lorem lorem lorem.\r\n","PageCount":17600,"Excerpt":"Lorem lorem lorem. Lorem lorem lorem. Lorem lorem lorem.\r\nLorem lorem lorem. Lorem lorem lorem. Lorem lorem lorem.\r\nLorem lorem lorem. Lorem lorem lorem. Lorem lorem lorem.\r\nLorem lorem lorem. Lorem lorem lorem. Lorem lorem lorem.\r\nLorem lorem lorem. Lorem lorem lorem. Lorem lorem lorem.\r\n","PublishDate":"2019-10-08T13:16:39.8142767+00:00"},{"ID":177,"Title":"Book 177","Description":"Lorem lorem lorem. Lorem lorem lorem. Lorem lorem lorem.\r\n","PageCount":17700,"Excerpt":"Lorem lorem lorem. Lorem lorem lorem. Lorem lorem lorem.\r\nLorem lorem lorem. Lorem lorem lorem. Lorem lorem lorem.\r\nLorem lorem lorem. Lorem lorem lorem. Lorem lorem lorem.\r\nLorem lorem lorem. Lorem lorem lorem. Lorem lorem lorem.\r\nLorem lorem lorem. Lorem lorem lorem. Lorem lorem lorem.\r\n","PublishDate":"2019-10-07T13:16:39.8142767+00:00"},{"ID":178,"Title":"Book 178","Description":"Lorem lorem lorem. Lorem lorem lorem. Lorem lorem lorem.\r\n","PageCount":17800,"Excerpt":"Lorem lorem lorem. Lorem lorem lorem. Lorem lorem lorem.\r\nLorem lorem lorem. Lorem lorem lorem. Lorem lorem lorem.\r\nLorem lorem lorem. Lorem lorem lorem. Lorem lorem lorem.\r\nLorem lorem lorem. Lorem lorem lorem. Lorem lorem lorem.\r\nLorem lorem lorem. Lorem lorem lorem. Lorem lorem lorem.\r\n","PublishDate":"2019-10-06T13:16:39.8142767+00:00"},{"ID":179,"Title":"Book 179","Description":"Lorem lorem lorem. Lorem lorem lorem. Lorem lorem lorem.\r\n","PageCount":17900,"Excerpt":"Lorem lorem lorem. Lorem lorem lorem. Lorem lorem lorem.\r\nLorem lorem lorem. Lorem lorem lorem. Lorem lorem lorem.\r\nLorem lorem lorem. Lorem lorem lorem. Lorem lorem lorem.\r\nLorem lorem lorem. Lorem lorem lorem. Lorem lorem lorem.\r\nLorem lorem lorem. Lorem lorem lorem. Lorem lorem lorem.\r\n","PublishDate":"2019-10-05T13:16:39.8142767+00:00"},{"ID":180,"Title":"Book 180","Description":"Lorem lorem lorem. Lorem lorem lorem. Lorem lorem lorem.\r\n","PageCount":18000,"Excerpt":"Lorem lorem lorem. Lorem lorem lorem. Lorem lorem lorem.\r\nLorem lorem lorem. Lorem lorem lorem. Lorem lorem lorem.\r\nLorem lorem lorem. Lorem lorem lorem. Lorem lorem lorem.\r\nLorem lorem lorem. Lorem lorem lorem. Lorem lorem lorem.\r\nLorem lorem lorem. Lorem lorem lorem. Lorem lorem lorem.\r\n","PublishDate":"2019-10-04T13:16:39.8142767+00:00"},{"ID":181,"Title":"Book 181","Description":"Lorem lorem lorem. Lorem lorem lorem. Lorem lorem lorem.\r\n","PageCount":18100,"Excerpt":"Lorem lorem lorem. Lorem lorem lorem. Lorem lorem lorem.\r\nLorem lorem lorem. Lorem lorem lorem. Lorem lorem lorem.\r\nLorem lorem lorem. Lorem lorem lorem. Lorem lorem lorem.\r\nLorem lorem lorem. Lorem lorem lorem. Lorem lorem lorem.\r\nLorem lorem lorem. Lorem lorem lorem. Lorem lorem lorem.\r\n","PublishDate":"2019-10-03T13:16:39.8142767+00:00"},{"ID":182,"Title":"Book 182","Description":"Lorem lorem lorem. Lorem lorem lorem. Lorem lorem lorem.\r\n","PageCount":18200,"Excerpt":"Lorem lorem lorem. Lorem lorem lorem. Lorem lorem lorem.\r\nLorem lorem lorem. Lorem lorem lorem. Lorem lorem lorem.\r\nLorem lorem lorem. Lorem lorem lorem. Lorem lorem lorem.\r\nLorem lorem lorem. Lorem lorem lorem. Lorem lorem lorem.\r\nLorem lorem lorem. Lorem lorem lorem. Lorem lorem lorem.\r\n","PublishDate":"2019-10-02T13:16:39.8142767+00:00"},{"ID":183,"Title":"Book 183","Description":"Lorem lorem lorem. Lorem lorem lorem. Lorem lorem lorem.\r\n","PageCount":18300,"Excerpt":"Lorem lorem lorem. Lorem lorem lorem. Lorem lorem lorem.\r\nLorem lorem lorem. Lorem lorem lorem. Lorem lorem lorem.\r\nLorem lorem lorem. Lorem lorem lorem. Lorem lorem lorem.\r\nLorem lorem lorem. Lorem lorem lorem. Lorem lorem lorem.\r\nLorem lorem lorem. Lorem lorem lorem. Lorem lorem lorem.\r\n","PublishDate":"2019-10-01T13:16:39.8142767+00:00"},{"ID":184,"Title":"Book 184","Description":"Lorem lorem lorem. Lorem lorem lorem. Lorem lorem lorem.\r\n","PageCount":18400,"Excerpt":"Lorem lorem lorem. Lorem lorem lorem. Lorem lorem lorem.\r\nLorem lorem lorem. Lorem lorem lorem. Lorem lorem lorem.\r\nLorem lorem lorem. Lorem lorem lorem. Lorem lorem lorem.\r\nLorem lorem lorem. Lorem lorem lorem. Lorem lorem lorem.\r\nLorem lorem lorem. Lorem lorem lorem. Lorem lorem lorem.\r\n","PublishDate":"2019-09-30T13:16:39.8142767+00:00"},{"ID":185,"Title":"Book 185","Description":"Lorem lorem lorem. Lorem lorem lorem. Lorem lorem lorem.\r\n","PageCount":18500,"Excerpt":"Lorem lorem lorem. Lorem lorem lorem. Lorem lorem lorem.\r\nLorem lorem lorem. Lorem lorem lorem. Lorem lorem lorem.\r\nLorem lorem lorem. Lorem lorem lorem. Lorem lorem lorem.\r\nLorem lorem lorem. Lorem lorem lorem. Lorem lorem lorem.\r\nLorem lorem lorem. Lorem lorem lorem. Lorem lorem lorem.\r\n","PublishDate":"2019-09-29T13:16:39.8142767+00:00"},{"ID":186,"Title":"Book 186","Description":"Lorem lorem lorem. Lorem lorem lorem. Lorem lorem lorem.\r\n","PageCount":18600,"Excerpt":"Lorem lorem lorem. Lorem lorem lorem. Lorem lorem lorem.\r\nLorem lorem lorem. Lorem lorem lorem. Lorem lorem lorem.\r\nLorem lorem lorem. Lorem lorem lorem. Lorem lorem lorem.\r\nLorem lorem lorem. Lorem lorem lorem. Lorem lorem lorem.\r\nLorem lorem lorem. Lorem lorem lorem. Lorem lorem lorem.\r\n","PublishDate":"2019-09-28T13:16:39.8142767+00:00"},{"ID":187,"Title":"Book 187","Description":"Lorem lorem lorem. Lorem lorem lorem. Lorem lorem lorem.\r\n","PageCount":18700,"Excerpt":"Lorem lorem lorem. Lorem lorem lorem. Lorem lorem lorem.\r\nLorem lorem lorem. Lorem lorem lorem. Lorem lorem lorem.\r\nLorem lorem lorem. Lorem lorem lorem. Lorem lorem lorem.\r\nLorem lorem lorem. Lorem lorem lorem. Lorem lorem lorem.\r\nLorem lorem lorem. Lorem lorem lorem. Lorem lorem lorem.\r\n","PublishDate":"2019-09-27T13:16:39.8142767+00:00"},{"ID":188,"Title":"Book 188","Description":"Lorem lorem lorem. Lorem lorem lorem. Lorem lorem lorem.\r\n","PageCount":18800,"Excerpt":"Lorem lorem lorem. Lorem lorem lorem. Lorem lorem lorem.\r\nLorem lorem lorem. Lorem lorem lorem. Lorem lorem lorem.\r\nLorem lorem lorem. Lorem lorem lorem. Lorem lorem lorem.\r\nLorem lorem lorem. Lorem lorem lorem. Lorem lorem lorem.\r\nLorem lorem lorem. Lorem lorem lorem. Lorem lorem lorem.\r\n","PublishDate":"2019-09-26T13:16:39.8142767+00:00"},{"ID":189,"Title":"Book 189","Description":"Lorem lorem lorem. Lorem lorem lorem. Lorem lorem lorem.\r\n","PageCount":18900,"Excerpt":"Lorem lorem lorem. Lorem lorem lorem. Lorem lorem lorem.\r\nLorem lorem lorem. Lorem lorem lorem. Lorem lorem lorem.\r\nLorem lorem lorem. Lorem lorem lorem. Lorem lorem lorem.\r\nLorem lorem lorem. Lorem lorem lorem. Lorem lorem lorem.\r\nLorem lorem lorem. Lorem lorem lorem. Lorem lorem lorem.\r\n","PublishDate":"2019-09-25T13:16:39.8142767+00:00"},{"ID":190,"Title":"Book 190","Description":"Lorem lorem lorem. Lorem lorem lorem. Lorem lorem lorem.\r\n","PageCount":19000,"Excerpt":"Lorem lorem lorem. Lorem lorem lorem. Lorem lorem lorem.\r\nLorem lorem lorem. Lorem lorem lorem. Lorem lorem lorem.\r\nLorem lorem lorem. Lorem lorem lorem. Lorem lorem lorem.\r\nLorem lorem lorem. Lorem lorem lorem. Lorem lorem lorem.\r\nLorem lorem lorem. Lorem lorem lorem. Lorem lorem lorem.\r\n","PublishDate":"2019-09-24T13:16:39.8142767+00:00"},{"ID":191,"Title":"Book 191","Description":"Lorem lorem lorem. Lorem lorem lorem. Lorem lorem lorem.\r\n","PageCount":19100,"Excerpt":"Lorem lorem lorem. Lorem lorem lorem. Lorem lorem lorem.\r\nLorem lorem lorem. Lorem lorem lorem. Lorem lorem lorem.\r\nLorem lorem lorem. Lorem lorem lorem. Lorem lorem lorem.\r\nLorem lorem lorem. Lorem lorem lorem. Lorem lorem lorem.\r\nLorem lorem lorem. Lorem lorem lorem. Lorem lorem lorem.\r\n","PublishDate":"2019-09-23T13:16:39.8142767+00:00"},{"ID":192,"Title":"Book 192","Description":"Lorem lorem lorem. Lorem lorem lorem. Lorem lorem lorem.\r\n","PageCount":19200,"Excerpt":"Lorem lorem lorem. Lorem lorem lorem. Lorem lorem lorem.\r\nLorem lorem lorem. Lorem lorem lorem. Lorem lorem lorem.\r\nLorem lorem lorem. Lorem lorem lorem. Lorem lorem lorem.\r\nLorem lorem lorem. Lorem lorem lorem. Lorem lorem lorem.\r\nLorem lorem lorem. Lorem lorem lorem. Lorem lorem lorem.\r\n","PublishDate":"2019-09-22T13:16:39.8142767+00:00"},{"ID":193,"Title":"Book 193","Description":"Lorem lorem lorem. Lorem lorem lorem. Lorem lorem lorem.\r\n","PageCount":19300,"Excerpt":"Lorem lorem lorem. Lorem lorem lorem. Lorem lorem lorem.\r\nLorem lorem lorem. Lorem lorem lorem. Lorem lorem lorem.\r\nLorem lorem lorem. Lorem lorem lorem. Lorem lorem lorem.\r\nLorem lorem lorem. Lorem lorem lorem. Lorem lorem lorem.\r\nLorem lorem lorem. Lorem lorem lorem. Lorem lorem lorem.\r\n","PublishDate":"2019-09-21T13:16:39.8142767+00:00"},{"ID":194,"Title":"Book 194","Description":"Lorem lorem lorem. Lorem lorem lorem. Lorem lorem lorem.\r\n","PageCount":19400,"Excerpt":"Lorem lorem lorem. Lorem lorem lorem. Lorem lorem lorem.\r\nLorem lorem lorem. Lorem lorem lorem. Lorem lorem lorem.\r\nLorem lorem lorem. Lorem lorem lorem. Lorem lorem lorem.\r\nLorem lorem lorem. Lorem lorem lorem. Lorem lorem lorem.\r\nLorem lorem lorem. Lorem lorem lorem. Lorem lorem lorem.\r\n","PublishDate":"2019-09-20T13:16:39.8142767+00:00"},{"ID":195,"Title":"Book 195","Description":"Lorem lorem lorem. Lorem lorem lorem. Lorem lorem lorem.\r\n","PageCount":19500,"Excerpt":"Lorem lorem lorem. Lorem lorem lorem. Lorem lorem lorem.\r\nLorem lorem lorem. Lorem lorem lorem. Lorem lorem lorem.\r\nLorem lorem lorem. Lorem lorem lorem. Lorem lorem lorem.\r\nLorem lorem lorem. Lorem lorem lorem. Lorem lorem lorem.\r\nLorem lorem lorem. Lorem lorem lorem. Lorem lorem lorem.\r\n","PublishDate":"2019-09-19T13:16:39.8142767+00:00"},{"ID":196,"Title":"Book 196","Description":"Lorem lorem lorem. Lorem lorem lorem. Lorem lorem lorem.\r\n","PageCount":19600,"Excerpt":"Lorem lorem lorem. Lorem lorem lorem. Lorem lorem lorem.\r\nLorem lorem lorem. Lorem lorem lorem. Lorem lorem lorem.\r\nLorem lorem lorem. Lorem lorem lorem. Lorem lorem lorem.\r\nLorem lorem lorem. Lorem lorem lorem. Lorem lorem lorem.\r\nLorem lorem lorem. Lorem lorem lorem. Lorem lorem lorem.\r\n","PublishDate":"2019-09-18T13:16:39.8262802+00:00"},{"ID":197,"Title":"Book 197","Description":"Lorem lorem lorem. Lorem lorem lorem. Lorem lorem lorem.\r\n","PageCount":19700,"Excerpt":"Lorem lorem lorem. Lorem lorem lorem. Lorem lorem lorem.\r\nLorem lorem lorem. Lorem lorem lorem. Lorem lorem lorem.\r\nLorem lorem lorem. Lorem lorem lorem. Lorem lorem lorem.\r\nLorem lorem lorem. Lorem lorem lorem. Lorem lorem lorem.\r\nLorem lorem lorem. Lorem lorem lorem. Lorem lorem lorem.\r\n","PublishDate":"2019-09-17T13:16:39.8262802+00:00"},{"ID":198,"Title":"Book 198","Description":"Lorem lorem lorem. Lorem lorem lorem. Lorem lorem lorem.\r\n","PageCount":19800,"Excerpt":"Lorem lorem lorem. Lorem lorem lorem. Lorem lorem lorem.\r\nLorem lorem lorem. Lorem lorem lorem. Lorem lorem lorem.\r\nLorem lorem lorem. Lorem lorem lorem. Lorem lorem lorem.\r\nLorem lorem lorem. Lorem lorem lorem. Lorem lorem lorem.\r\nLorem lorem lorem. Lorem lorem lorem. Lorem lorem lorem.\r\n","PublishDate":"2019-09-16T13:16:39.8262802+00:00"},{"ID":199,"Title":"Book 199","Description":"Lorem lorem lorem. Lorem lorem lorem. Lorem lorem lorem.\r\n","PageCount":19900,"Excerpt":"Lorem lorem lorem. Lorem lorem lorem. Lorem lorem lorem.\r\nLorem lorem lorem. Lorem lorem lorem. Lorem lorem lorem.\r\nLorem lorem lorem. Lorem lorem lorem. Lorem lorem lorem.\r\nLorem lorem lorem. Lorem lorem lorem. Lorem lorem lorem.\r\nLorem lorem lorem. Lorem lorem lorem. Lorem lorem lorem.\r\n","PublishDate":"2019-09-15T13:16:39.8262802+00:00"},{"ID":200,"Title":"Book 200","Description":"Lorem lorem lorem. Lorem lorem lorem. Lorem lorem lorem.\r\n","PageCount":20000,"Excerpt":"Lorem lorem lorem. Lorem lorem lorem. Lorem lorem lorem.\r\nLorem lorem lorem. Lorem lorem lorem. Lorem lorem lorem.\r\nLorem lorem lorem. Lorem lorem lorem. Lorem lorem lorem.\r\nLorem lorem lorem. Lorem lorem lorem. Lorem lorem lorem.\r\nLorem lorem lorem. Lorem lorem lorem. Lorem lorem lorem.\r\n","PublishDate":"2019-09-14T13:16:39.8262802+00:00"}]</msg>
<status status="PASS" starttime="20200401 10:16:39.082" endtime="20200401 10:16:39.092"></status>
</kw>
<kw name="Set Test Variable" library="BuiltIn">
<doc>Makes a variable available everywhere within the scope of the current test.</doc>
<arguments>
<arg>${RESPOSTA}</arg>
</arguments>
<msg timestamp="20200401 10:16:39.093" level="INFO">${RESPOSTA} = &lt;Response [200]&gt;</msg>
<status status="PASS" starttime="20200401 10:16:39.093" endtime="20200401 10:16:39.095"></status>
</kw>
<status status="PASS" starttime="20200401 10:16:38.807" endtime="20200401 10:16:39.095"></status>
</kw>
<kw name="E o Status code é" library="ResourcesAPI">
<arguments>
<arg>200</arg>
</arguments>
<kw name="Should Be Equal As Strings" library="BuiltIn">
<doc>Fails if objects are unequal after converting them to strings.</doc>
<arguments>
<arg>${RESPOSTA.status_code}</arg>
<arg>${STATUSCODE_DESEJADO}</arg>
</arguments>
<msg timestamp="20200401 10:16:39.098" level="INFO">Argument types are:
&lt;class 'int'&gt;
&lt;type 'unicode'&gt;</msg>
<status status="PASS" starttime="20200401 10:16:39.098" endtime="20200401 10:16:39.098"></status>
</kw>
<status status="PASS" starttime="20200401 10:16:39.097" endtime="20200401 10:16:39.098"></status>
</kw>
<kw name="Então não deve conter a quantidade de &quot;201&quot; livros" library="ResourcesAPI">
<kw name="Should Not Be Equal" library="BuiltIn">
<doc>Fails if the given objects are equal.</doc>
<arguments>
<arg>${RESPOSTA.json()}</arg>
<arg>${QTDE_LIVROS}</arg>
</arguments>
<msg timestamp="20200401 10:16:39.104" level="INFO">Argument types are:
&lt;class 'list'&gt;
&lt;type 'unicode'&gt;</msg>
<status status="PASS" starttime="20200401 10:16:39.103" endtime="20200401 10:16:39.108"></status>
</kw>
<status status="PASS" starttime="20200401 10:16:39.102" endtime="20200401 10:16:39.108"></status>
</kw>
<status status="PASS" starttime="20200401 10:16:38.805" endtime="20200401 10:16:39.114" critical="yes"></status>
</test>
<doc>Documentação da API: https://fakerestapi.azurewebsites.net/swagger/ui/index#!/Books</doc>
<status status="PASS" starttime="20200401 10:16:35.844" endtime="20200401 10:16:39.118"></status>
</suite>
<statistics>
<total>
<stat pass="7" fail="0">Critical Tests</stat>
<stat pass="7" fail="0">All Tests</stat>
</total>
<tag>
</tag>
<suite>
<stat pass="7" fail="0" id="s1" name="Casetest">Casetest</stat>
</suite>
</statistics>
<errors>
<msg timestamp="20200401 10:16:35.882" level="WARN">Collapsing consecutive whitespace during parsing is deprecated. Fix ' ...' in file 'C:\Robot\results\ResourcesAPI.robot' on line 9.</msg>
<msg timestamp="20200401 10:16:35.884" level="WARN">Collapsing consecutive whitespace during parsing is deprecated. Fix ' ...' in file 'C:\Robot\results\ResourcesAPI.robot' on line 10.</msg>
</errors>
</robot>
